#2026 04 24 18:48:56.755#Z#DEBUG#1b6ffdb0-400e-11f1-8200-eeee0a8fbd3a.CICD-srv#flowable-async-job-executor-thread-4417#
[PollStageAppStatusExecution] 2fa6b32f-e95e-4727-8017-cc5d820aa6a2 [2026-04-24T18:48:17.189156] Added process: "web" (STDOUT, API)#
#2026 04 24 18:48:56.755#Z#DEBUG#1b6ffdb0-400e-11f1-8200-eeee0a8fbd3a.CICD-srv#flowable-async-job-executor-thread-4417#
[PollStageAppStatusExecution] 2fa6b32f-e95e-4727-8017-cc5d820aa6a2 [2026-04-24T18:48:17.197161] Created app with guid 2fa6b32f-e95e-4727-8017-cc5d820aa6a2 (STDOUT, API)#
#2026 04 24 18:48:56.755#Z#DEBUG#1b6ffdb0-400e-11f1-8200-eeee0a8fbd3a.CICD-srv#flowable-async-job-executor-thread-4417#
[PollStageAppStatusExecution] 2fa6b32f-e95e-4727-8017-cc5d820aa6a2 [2026-04-24T18:48:17.292135] Updating process: "web" (STDOUT, API)#
#2026 04 24 18:48:56.755#Z#DEBUG#1b6ffdb0-400e-11f1-8200-eeee0a8fbd3a.CICD-srv#flowable-async-job-executor-thread-4417#
[PollStageAppStatusExecution] 2fa6b32f-e95e-4727-8017-cc5d820aa6a2 [2026-04-24T18:48:17.369219] Scaling process: "web" (STDOUT, API)#
#2026 04 24 18:48:56.755#Z#DEBUG#1b6ffdb0-400e-11f1-8200-eeee0a8fbd3a.CICD-srv#flowable-async-job-executor-thread-4417#
[PollStageAppStatusExecution] 2fa6b32f-e95e-4727-8017-cc5d820aa6a2 [2026-04-24T18:48:36.812138] Uploading app package for app with guid 2fa6b32f-e95e-4727-8017-cc5d820aa6a2 (STDOUT, API)#
#2026 04 24 18:48:56.755#Z#DEBUG#1b6ffdb0-400e-11f1-8200-eeee0a8fbd3a.CICD-srv#flowable-async-job-executor-thread-4417#
[PollStageAppStatusExecution] 2fa6b32f-e95e-4727-8017-cc5d820aa6a2 [2026-04-24T18:48:37.031745] Updated app with guid 2fa6b32f-e95e-4727-8017-cc5d820aa6a2 ({"environment_variables"=>"[PRIVATE DATA HIDDEN]"}) (STDOUT, API)#
#2026 04 24 18:48:56.755#Z#DEBUG#1b6ffdb0-400e-11f1-8200-eeee0a8fbd3a.CICD-srv#flowable-async-job-executor-thread-4417#
[PollStageAppStatusExecution] 2fa6b32f-e95e-4727-8017-cc5d820aa6a2 [2026-04-24T18:48:46.900703] Creating build for app with guid 2fa6b32f-e95e-4727-8017-cc5d820aa6a2 (STDOUT, API)#
#2026 04 24 18:48:56.755#Z#DEBUG#1b6ffdb0-400e-11f1-8200-eeee0a8fbd3a.CICD-srv#flowable-async-job-executor-thread-4417#
[PollStageAppStatusExecution] 2fa6b32f-e95e-4727-8017-cc5d820aa6a2 [2026-04-24T18:48:47.317727] Downloading nodejs_buildpack... (STDOUT, STG)#
#2026 04 24 18:48:56.755#Z#DEBUG#1b6ffdb0-400e-11f1-8200-eeee0a8fbd3a.CICD-srv#flowable-async-job-executor-thread-4417#
[PollStageAppStatusExecution] 2fa6b32f-e95e-4727-8017-cc5d820aa6a2 [2026-04-24T18:48:47.368757] Downloaded nodejs_buildpack (STDOUT, STG)#
#2026 04 24 18:48:56.755#Z#DEBUG#1b6ffdb0-400e-11f1-8200-eeee0a8fbd3a.CICD-srv#flowable-async-job-executor-thread-4417#
[PollStageAppStatusExecution] 2fa6b32f-e95e-4727-8017-cc5d820aa6a2 [2026-04-24T18:48:47.368870] Cell 77283d80-dfa7-40ba-ba4e-265aef112085 creating container for instance 7fab64ca-5124-4fc4-b0b4-d5f72ff5f0d5 (STDOUT, STG)#
#2026 04 24 18:48:56.755#Z#DEBUG#1b6ffdb0-400e-11f1-8200-eeee0a8fbd3a.CICD-srv#flowable-async-job-executor-thread-4417#
[PollStageAppStatusExecution] 2fa6b32f-e95e-4727-8017-cc5d820aa6a2 [2026-04-24T18:48:48.618742] Security group rules were updated (STDOUT, STG)#
#2026 04 24 18:48:56.755#Z#DEBUG#1b6ffdb0-400e-11f1-8200-eeee0a8fbd3a.CICD-srv#flowable-async-job-executor-thread-4417#
[PollStageAppStatusExecution] 2fa6b32f-e95e-4727-8017-cc5d820aa6a2 [2026-04-24T18:48:48.718758] Cell 77283d80-dfa7-40ba-ba4e-265aef112085 successfully created container for instance 7fab64ca-5124-4fc4-b0b4-d5f72ff5f0d5 (STDOUT, STG)#
#2026 04 24 18:48:56.755#Z#DEBUG#1b6ffdb0-400e-11f1-8200-eeee0a8fbd3a.CICD-srv#flowable-async-job-executor-thread-4417#
[PollStageAppStatusExecution] 2fa6b32f-e95e-4727-8017-cc5d820aa6a2 [2026-04-24T18:48:49.309375] Downloading app package... (STDOUT, STG)#
#2026 04 24 18:48:56.755#Z#DEBUG#1b6ffdb0-400e-11f1-8200-eeee0a8fbd3a.CICD-srv#flowable-async-job-executor-thread-4417#
[PollStageAppStatusExecution] 2fa6b32f-e95e-4727-8017-cc5d820aa6a2 [2026-04-24T18:48:49.884109] Downloaded app package (3.3M) (STDOUT, STG)#
#2026 04 24 18:48:56.755#Z#DEBUG#1b6ffdb0-400e-11f1-8200-eeee0a8fbd3a.CICD-srv#flowable-async-job-executor-thread-4417#
[PollStageAppStatusExecution] 2fa6b32f-e95e-4727-8017-cc5d820aa6a2 [2026-04-24T18:48:50.018650] -----> Nodejs Buildpack version 1.8.44 (STDOUT, STG)#
#2026 04 24 18:48:56.755#Z#DEBUG#1b6ffdb0-400e-11f1-8200-eeee0a8fbd3a.CICD-srv#flowable-async-job-executor-thread-4417#
[PollStageAppStatusExecution] 2fa6b32f-e95e-4727-8017-cc5d820aa6a2 [2026-04-24T18:48:50.253315] -----> Bootstrapping python (STDOUT, STG)#
#2026 04 24 18:48:56.755#Z#DEBUG#1b6ffdb0-400e-11f1-8200-eeee0a8fbd3a.CICD-srv#flowable-async-job-executor-thread-4417#
[PollStageAppStatusExecution] 2fa6b32f-e95e-4727-8017-cc5d820aa6a2 [2026-04-24T18:48:50.253343] -----> Installing python 3.11.14 (STDOUT, STG)#
#2026 04 24 18:48:56.755#Z#DEBUG#1b6ffdb0-400e-11f1-8200-eeee0a8fbd3a.CICD-srv#flowable-async-job-executor-thread-4417#
[PollStageAppStatusExecution] 2fa6b32f-e95e-4727-8017-cc5d820aa6a2 [2026-04-24T18:48:50.253437] Copy [/tmp/buildpacks/978cee5ec9c58000/dependencies/b5e0345ae0ae1932e7d56fffaa49a487/python_3.11.14_linux_x64_cflinuxfs4_66f53248.tgz] (STDOUT, STG)#
#2026 04 24 18:48:56.755#Z#DEBUG#1b6ffdb0-400e-11f1-8200-eeee0a8fbd3a.CICD-srv#flowable-async-job-executor-thread-4417#
[PollStageAppStatusExecution] 2fa6b32f-e95e-4727-8017-cc5d820aa6a2 [2026-04-24T18:48:54.725215] -----> Installing binaries (STDOUT, STG)#
#2026 04 24 18:48:56.755#Z#DEBUG#1b6ffdb0-400e-11f1-8200-eeee0a8fbd3a.CICD-srv#flowable-async-job-executor-thread-4417#
[PollStageAppStatusExecution] 2fa6b32f-e95e-4727-8017-cc5d820aa6a2 [2026-04-24T18:48:54.725416] engines.node (package.json): >=20 (STDOUT, STG)#
#2026 04 24 18:48:56.755#Z#DEBUG#1b6ffdb0-400e-11f1-8200-eeee0a8fbd3a.CICD-srv#flowable-async-job-executor-thread-4417#
[PollStageAppStatusExecution] 2fa6b32f-e95e-4727-8017-cc5d820aa6a2 [2026-04-24T18:48:54.725484] engines.npm (package.json): unspecified (use default) (STDOUT, STG)#
#2026 04 24 18:48:56.755#Z#DEBUG#1b6ffdb0-400e-11f1-8200-eeee0a8fbd3a.CICD-srv#flowable-async-job-executor-thread-4417#
[PollStageAppStatusExecution] 2fa6b32f-e95e-4727-8017-cc5d820aa6a2 [2026-04-24T18:48:54.725563] [31;1m**WARNING**[0m Dangerous semver range (>) in engines.node. See: http://docs.cloudfoundry.org/buildpacks/node/node-tips.html (STDOUT, STG)#
#2026 04 24 18:48:56.755#Z#DEBUG#1b6ffdb0-400e-11f1-8200-eeee0a8fbd3a.CICD-srv#flowable-async-job-executor-thread-4417#
[PollStageAppStatusExecution] 2fa6b32f-e95e-4727-8017-cc5d820aa6a2 [2026-04-24T18:48:54.725689] -----> Installing node 24.13.0 (STDOUT, STG)#
#2026 04 24 18:48:56.755#Z#DEBUG#1b6ffdb0-400e-11f1-8200-eeee0a8fbd3a.CICD-srv#flowable-async-job-executor-thread-4417#
[PollStageAppStatusExecution] 2fa6b32f-e95e-4727-8017-cc5d820aa6a2 [2026-04-24T18:48:54.725905] Copy [/tmp/buildpacks/978cee5ec9c58000/dependencies/2f5692219fecc3eee6e6d507a6bfe7b9/node_24.13.0_linux_x64_cflinuxfs4_a816dee1.tgz] (STDOUT, STG)#
#2026 04 24 18:49:06.746#Z#DEBUG#1b6ffdb0-400e-11f1-8200-eeee0a8fbd3a.CICD-srv#flowable-async-job-executor-thread-6644#
[PollStageAppStatusExecution] 2fa6b32f-e95e-4727-8017-cc5d820aa6a2 [2026-04-24T18:48:57.452888] Using default npm version: 11.6.2 (STDOUT, STG)#
#2026 04 24 18:49:06.746#Z#DEBUG#1b6ffdb0-400e-11f1-8200-eeee0a8fbd3a.CICD-srv#flowable-async-job-executor-thread-6644#
[PollStageAppStatusExecution] 2fa6b32f-e95e-4727-8017-cc5d820aa6a2 [2026-04-24T18:48:57.452926] -----> Installing yarn 1.22.22 (STDOUT, STG)#
#2026 04 24 18:49:06.746#Z#DEBUG#1b6ffdb0-400e-11f1-8200-eeee0a8fbd3a.CICD-srv#flowable-async-job-executor-thread-6644#
[PollStageAppStatusExecution] 2fa6b32f-e95e-4727-8017-cc5d820aa6a2 [2026-04-24T18:48:57.453116] Copy [/tmp/buildpacks/978cee5ec9c58000/dependencies/e3a39aedd1236924d69cc2d0637a8ed2/yarn_1.22.22_linux_noarch_any-stack_4911d0a6.tgz] (STDOUT, STG)#
#2026 04 24 18:49:06.746#Z#DEBUG#1b6ffdb0-400e-11f1-8200-eeee0a8fbd3a.CICD-srv#flowable-async-job-executor-thread-6644#
[PollStageAppStatusExecution] 2fa6b32f-e95e-4727-8017-cc5d820aa6a2 [2026-04-24T18:48:57.851322] Installed yarn 1.22.22 (STDOUT, STG)#
#2026 04 24 18:49:06.746#Z#DEBUG#1b6ffdb0-400e-11f1-8200-eeee0a8fbd3a.CICD-srv#flowable-async-job-executor-thread-6644#
[PollStageAppStatusExecution] 2fa6b32f-e95e-4727-8017-cc5d820aa6a2 [2026-04-24T18:48:57.851351] -----> Creating runtime environment (STDOUT, STG)#
#2026 04 24 18:49:06.746#Z#DEBUG#1b6ffdb0-400e-11f1-8200-eeee0a8fbd3a.CICD-srv#flowable-async-job-executor-thread-6644#
[PollStageAppStatusExecution] 2fa6b32f-e95e-4727-8017-cc5d820aa6a2 [2026-04-24T18:48:57.853419] NODE_ENV=production (STDOUT, STG)#
#2026 04 24 18:49:06.746#Z#DEBUG#1b6ffdb0-400e-11f1-8200-eeee0a8fbd3a.CICD-srv#flowable-async-job-executor-thread-6644#
[PollStageAppStatusExecution] 2fa6b32f-e95e-4727-8017-cc5d820aa6a2 [2026-04-24T18:48:57.853451] NODE_HOME=/tmp/contents1299640107/deps/0/node (STDOUT, STG)#
#2026 04 24 18:49:06.746#Z#DEBUG#1b6ffdb0-400e-11f1-8200-eeee0a8fbd3a.CICD-srv#flowable-async-job-executor-thread-6644#
[PollStageAppStatusExecution] 2fa6b32f-e95e-4727-8017-cc5d820aa6a2 [2026-04-24T18:48:57.853453] NODE_MODULES_CACHE=true (STDOUT, STG)#
#2026 04 24 18:49:06.746#Z#DEBUG#1b6ffdb0-400e-11f1-8200-eeee0a8fbd3a.CICD-srv#flowable-async-job-executor-thread-6644#
[PollStageAppStatusExecution] 2fa6b32f-e95e-4727-8017-cc5d820aa6a2 [2026-04-24T18:48:57.853527] NODE_VERBOSE=false (STDOUT, STG)#
#2026 04 24 18:49:06.746#Z#DEBUG#1b6ffdb0-400e-11f1-8200-eeee0a8fbd3a.CICD-srv#flowable-async-job-executor-thread-6644#
[PollStageAppStatusExecution] 2fa6b32f-e95e-4727-8017-cc5d820aa6a2 [2026-04-24T18:48:57.853576] NPM_CONFIG_LOGLEVEL=error (STDOUT, STG)#
#2026 04 24 18:49:06.746#Z#DEBUG#1b6ffdb0-400e-11f1-8200-eeee0a8fbd3a.CICD-srv#flowable-async-job-executor-thread-6644#
[PollStageAppStatusExecution] 2fa6b32f-e95e-4727-8017-cc5d820aa6a2 [2026-04-24T18:48:57.853582] NPM_CONFIG_PRODUCTION=true (STDOUT, STG)#
#2026 04 24 18:49:06.746#Z#DEBUG#1b6ffdb0-400e-11f1-8200-eeee0a8fbd3a.CICD-srv#flowable-async-job-executor-thread-6644#
[PollStageAppStatusExecution] 2fa6b32f-e95e-4727-8017-cc5d820aa6a2 [2026-04-24T18:48:57.853647] -----> Building dependencies (STDOUT, STG)#
#2026 04 24 18:49:06.746#Z#DEBUG#1b6ffdb0-400e-11f1-8200-eeee0a8fbd3a.CICD-srv#flowable-async-job-executor-thread-6644#
[PollStageAppStatusExecution] 2fa6b32f-e95e-4727-8017-cc5d820aa6a2 [2026-04-24T18:48:57.853676] Prebuild detected (node_modules already exists) (STDOUT, STG)#
#2026 04 24 18:49:06.746#Z#DEBUG#1b6ffdb0-400e-11f1-8200-eeee0a8fbd3a.CICD-srv#flowable-async-job-executor-thread-6644#
[PollStageAppStatusExecution] 2fa6b32f-e95e-4727-8017-cc5d820aa6a2 [2026-04-24T18:48:57.853800] Rebuilding any native modules (STDOUT, STG)#
#2026 04 24 18:49:06.746#Z#DEBUG#1b6ffdb0-400e-11f1-8200-eeee0a8fbd3a.CICD-srv#flowable-async-job-executor-thread-6644#
[PollStageAppStatusExecution] 2fa6b32f-e95e-4727-8017-cc5d820aa6a2 [2026-04-24T18:48:58.661044] rebuilt dependencies successfully (STDOUT, STG)#
#2026 04 24 18:49:06.746#Z#DEBUG#1b6ffdb0-400e-11f1-8200-eeee0a8fbd3a.CICD-srv#flowable-async-job-executor-thread-6644#
[PollStageAppStatusExecution] 2fa6b32f-e95e-4727-8017-cc5d820aa6a2 [2026-04-24T18:48:58.662653] npm notice (STDOUT, STG)#
#2026 04 24 18:49:06.746#Z#DEBUG#1b6ffdb0-400e-11f1-8200-eeee0a8fbd3a.CICD-srv#flowable-async-job-executor-thread-6644#
[PollStageAppStatusExecution] 2fa6b32f-e95e-4727-8017-cc5d820aa6a2 [2026-04-24T18:48:58.662672] npm notice New minor version of npm available! 11.6.2 -> 11.13.0 (STDOUT, STG)#
#2026 04 24 18:49:06.746#Z#DEBUG#1b6ffdb0-400e-11f1-8200-eeee0a8fbd3a.CICD-srv#flowable-async-job-executor-thread-6644#
[PollStageAppStatusExecution] 2fa6b32f-e95e-4727-8017-cc5d820aa6a2 [2026-04-24T18:48:58.662677] npm notice Changelog: https://github.com/npm/cli/releases/tag/v11.13.0 (STDOUT, STG)#
#2026 04 24 18:49:06.746#Z#DEBUG#1b6ffdb0-400e-11f1-8200-eeee0a8fbd3a.CICD-srv#flowable-async-job-executor-thread-6644#
[PollStageAppStatusExecution] 2fa6b32f-e95e-4727-8017-cc5d820aa6a2 [2026-04-24T18:48:58.662679] npm notice To update run: npm install -g npm@11.13.0 (STDOUT, STG)#
#2026 04 24 18:49:06.746#Z#DEBUG#1b6ffdb0-400e-11f1-8200-eeee0a8fbd3a.CICD-srv#flowable-async-job-executor-thread-6644#
[PollStageAppStatusExecution] 2fa6b32f-e95e-4727-8017-cc5d820aa6a2 [2026-04-24T18:48:58.662683] npm notice (STDOUT, STG)#
#2026 04 24 18:49:06.746#Z#DEBUG#1b6ffdb0-400e-11f1-8200-eeee0a8fbd3a.CICD-srv#flowable-async-job-executor-thread-6644#
[PollStageAppStatusExecution] 2fa6b32f-e95e-4727-8017-cc5d820aa6a2 [2026-04-24T18:48:58.731291] Installing any new modules (package.json + package-lock.json) (STDOUT, STG)#
#2026 04 24 18:49:06.746#Z#DEBUG#1b6ffdb0-400e-11f1-8200-eeee0a8fbd3a.CICD-srv#flowable-async-job-executor-thread-6644#
[PollStageAppStatusExecution] 2fa6b32f-e95e-4727-8017-cc5d820aa6a2 [2026-04-24T18:48:59.501744] up to date in 687ms (STDOUT, STG)#
#2026 04 24 18:49:06.746#Z#DEBUG#1b6ffdb0-400e-11f1-8200-eeee0a8fbd3a.CICD-srv#flowable-async-job-executor-thread-6644#
[PollStageAppStatusExecution] 2fa6b32f-e95e-4727-8017-cc5d820aa6a2 [2026-04-24T18:48:59.502022] 25 packages are looking for funding (STDOUT, STG)#
#2026 04 24 18:49:06.746#Z#DEBUG#1b6ffdb0-400e-11f1-8200-eeee0a8fbd3a.CICD-srv#flowable-async-job-executor-thread-6644#
[PollStageAppStatusExecution] 2fa6b32f-e95e-4727-8017-cc5d820aa6a2 [2026-04-24T18:48:59.502052] run `npm fund` for details (STDOUT, STG)#
#2026 04 24 18:49:06.746#Z#DEBUG#1b6ffdb0-400e-11f1-8200-eeee0a8fbd3a.CICD-srv#flowable-async-job-executor-thread-6644#
[PollStageAppStatusExecution] 2fa6b32f-e95e-4727-8017-cc5d820aa6a2 [2026-04-24T18:49:00.441668] Contrast Security no credentials found. Will not write environment files. (STDOUT, STG)#
#2026 04 24 18:49:16.811#Z#DEBUG#1b6ffdb0-400e-11f1-8200-eeee0a8fbd3a.CICD-srv#flowable-async-job-executor-thread-6642#
[PollStageAppStatusExecution] 2fa6b32f-e95e-4727-8017-cc5d820aa6a2 [2026-04-24T18:49:10.823155] Exit status 0 (STDOUT, STG)#
#2026 04 24 18:49:16.811#Z#DEBUG#1b6ffdb0-400e-11f1-8200-eeee0a8fbd3a.CICD-srv#flowable-async-job-executor-thread-6642#
[PollStageAppStatusExecution] 2fa6b32f-e95e-4727-8017-cc5d820aa6a2 [2026-04-24T18:49:10.823202] Uploading droplet, build artifacts cache... (STDOUT, STG)#
#2026 04 24 18:49:16.811#Z#DEBUG#1b6ffdb0-400e-11f1-8200-eeee0a8fbd3a.CICD-srv#flowable-async-job-executor-thread-6642#
[PollStageAppStatusExecution] 2fa6b32f-e95e-4727-8017-cc5d820aa6a2 [2026-04-24T18:49:10.823245] Uploading droplet... (STDOUT, STG)#
#2026 04 24 18:49:16.811#Z#DEBUG#1b6ffdb0-400e-11f1-8200-eeee0a8fbd3a.CICD-srv#flowable-async-job-executor-thread-6642#
[PollStageAppStatusExecution] 2fa6b32f-e95e-4727-8017-cc5d820aa6a2 [2026-04-24T18:49:10.823482] Uploading build artifacts cache... (STDOUT, STG)#
#2026 04 24 18:49:16.811#Z#DEBUG#1b6ffdb0-400e-11f1-8200-eeee0a8fbd3a.CICD-srv#flowable-async-job-executor-thread-6642#
[PollStageAppStatusExecution] 2fa6b32f-e95e-4727-8017-cc5d820aa6a2 [2026-04-24T18:49:10.857581] Uploaded build artifacts cache (219B) (STDOUT, STG)#
#2026 04 24 18:49:16.811#Z#DEBUG#1b6ffdb0-400e-11f1-8200-eeee0a8fbd3a.CICD-srv#flowable-async-job-executor-thread-6642#
[PollStageAppStatusExecution] 2fa6b32f-e95e-4727-8017-cc5d820aa6a2 [2026-04-24T18:49:11.707610] Creating droplet for app with guid 2fa6b32f-e95e-4727-8017-cc5d820aa6a2 (STDOUT, API)#
#2026 04 24 18:49:26.872#Z#DEBUG#1b6ffdb0-400e-11f1-8200-eeee0a8fbd3a.CICD-srv#flowable-async-job-executor-thread-6659#
[PollStageAppStatusExecution] 2fa6b32f-e95e-4727-8017-cc5d820aa6a2 [2026-04-24T18:49:17.778812] Uploaded droplet (59M) (STDOUT, STG)#
#2026 04 24 18:49:26.872#Z#DEBUG#1b6ffdb0-400e-11f1-8200-eeee0a8fbd3a.CICD-srv#flowable-async-job-executor-thread-6659#
[PollStageAppStatusExecution] 2fa6b32f-e95e-4727-8017-cc5d820aa6a2 [2026-04-24T18:49:17.800795] Uploading complete (STDOUT, STG)#
#2026 04 24 18:49:26.872#Z#DEBUG#1b6ffdb0-400e-11f1-8200-eeee0a8fbd3a.CICD-srv#flowable-async-job-executor-thread-6659#
[PollStageAppStatusExecution] 2fa6b32f-e95e-4727-8017-cc5d820aa6a2 [2026-04-24T18:49:18.052015] Cell 77283d80-dfa7-40ba-ba4e-265aef112085 stopping instance 7fab64ca-5124-4fc4-b0b4-d5f72ff5f0d5 (STDOUT, STG)#
#2026 04 24 18:49:26.872#Z#DEBUG#1b6ffdb0-400e-11f1-8200-eeee0a8fbd3a.CICD-srv#flowable-async-job-executor-thread-6659#
[PollStageAppStatusExecution] 2fa6b32f-e95e-4727-8017-cc5d820aa6a2 [2026-04-24T18:49:18.052070] Cell 77283d80-dfa7-40ba-ba4e-265aef112085 destroying container for instance 7fab64ca-5124-4fc4-b0b4-d5f72ff5f0d5 (STDOUT, STG)#
#2026 04 24 18:49:26.872#Z#DEBUG#1b6ffdb0-400e-11f1-8200-eeee0a8fbd3a.CICD-srv#flowable-async-job-executor-thread-6659#
[PollStageAppStatusExecution] 2fa6b32f-e95e-4727-8017-cc5d820aa6a2 [2026-04-24T18:49:18.103050] Staging complete for build 7fab64ca-5124-4fc4-b0b4-d5f72ff5f0d5 (STDOUT, API)#
#2026 04 24 18:49:26.872#Z#DEBUG#1b6ffdb0-400e-11f1-8200-eeee0a8fbd3a.CICD-srv#flowable-async-job-executor-thread-6659#
[PollStageAppStatusExecution] 2fa6b32f-e95e-4727-8017-cc5d820aa6a2 [2026-04-24T18:49:21.353723] Cell 77283d80-dfa7-40ba-ba4e-265aef112085 successfully destroyed container for instance 7fab64ca-5124-4fc4-b0b4-d5f72ff5f0d5 (STDOUT, STG)#
#2026 04 24 18:49:36.957#Z#DEBUG#1b6ffdb0-400e-11f1-8200-eeee0a8fbd3a.CICD-srv#flowable-async-job-executor-thread-4443#
[PollStartAppStatusExecution] 2fa6b32f-e95e-4727-8017-cc5d820aa6a2 [2026-04-24T18:49:26.965634] Updated app with guid 2fa6b32f-e95e-4727-8017-cc5d820aa6a2 ({:droplet_guid=>"b8430dfc-3c99-4b2b-81bd-e8c30228eec6"}) (STDOUT, API)#
#2026 04 24 18:49:36.957#Z#DEBUG#1b6ffdb0-400e-11f1-8200-eeee0a8fbd3a.CICD-srv#flowable-async-job-executor-thread-4443#
[PollStartAppStatusExecution] 2fa6b32f-e95e-4727-8017-cc5d820aa6a2 [2026-04-24T18:49:27.491803] Creating revision for app with guid 2fa6b32f-e95e-4727-8017-cc5d820aa6a2 (STDOUT, API)#
#2026 04 24 18:49:36.957#Z#DEBUG#1b6ffdb0-400e-11f1-8200-eeee0a8fbd3a.CICD-srv#flowable-async-job-executor-thread-4443#
[PollStartAppStatusExecution] 2fa6b32f-e95e-4727-8017-cc5d820aa6a2 [2026-04-24T18:49:27.525977] Starting app with guid 2fa6b32f-e95e-4727-8017-cc5d820aa6a2 (STDOUT, API)#
#2026 04 24 18:49:36.957#Z#DEBUG#1b6ffdb0-400e-11f1-8200-eeee0a8fbd3a.CICD-srv#flowable-async-job-executor-thread-4443#
[PollStartAppStatusExecution] 2fa6b32f-e95e-4727-8017-cc5d820aa6a2 [2026-04-24T18:49:27.793508] Cell d1cc041a-d5a1-41d6-b9f6-6cda736ce3f0 creating container for instance a043c2a6-aa0a-4aa8-5317-f103 (STDOUT, CELL)#
#2026 04 24 18:49:36.957#Z#DEBUG#1b6ffdb0-400e-11f1-8200-eeee0a8fbd3a.CICD-srv#flowable-async-job-executor-thread-4443#
[PollStartAppStatusExecution] 2fa6b32f-e95e-4727-8017-cc5d820aa6a2 [2026-04-24T18:49:29.223120] Security group rules were updated (STDOUT, CELL)#
#2026 04 24 18:49:36.957#Z#DEBUG#1b6ffdb0-400e-11f1-8200-eeee0a8fbd3a.CICD-srv#flowable-async-job-executor-thread-4443#
[PollStartAppStatusExecution] 2fa6b32f-e95e-4727-8017-cc5d820aa6a2 [2026-04-24T18:49:29.355913] Cell d1cc041a-d5a1-41d6-b9f6-6cda736ce3f0 successfully created container for instance a043c2a6-aa0a-4aa8-5317-f103 (STDOUT, CELL)#
#2026 04 24 18:49:36.957#Z#DEBUG#1b6ffdb0-400e-11f1-8200-eeee0a8fbd3a.CICD-srv#flowable-async-job-executor-thread-4443#
[PollStartAppStatusExecution] 2fa6b32f-e95e-4727-8017-cc5d820aa6a2 [2026-04-24T18:49:29.838222] Downloading droplet... (STDOUT, CELL)#
#2026 04 24 18:49:36.957#Z#DEBUG#1b6ffdb0-400e-11f1-8200-eeee0a8fbd3a.CICD-srv#flowable-async-job-executor-thread-4443#
[PollStartAppStatusExecution] 2fa6b32f-e95e-4727-8017-cc5d820aa6a2 [2026-04-24T18:49:34.092761] Downloaded droplet (59M) (STDOUT, CELL)#
#2026 04 24 18:49:36.957#Z#DEBUG#1b6ffdb0-400e-11f1-8200-eeee0a8fbd3a.CICD-srv#flowable-async-job-executor-thread-4443#
[PollStartAppStatusExecution] 2fa6b32f-e95e-4727-8017-cc5d820aa6a2 [2026-04-24T18:49:34.092903] Starting health monitoring of container (STDOUT, CELL)#
#2026 04 24 18:49:36.957#Z#DEBUG#1b6ffdb0-400e-11f1-8200-eeee0a8fbd3a.CICD-srv#flowable-async-job-executor-thread-4443#
[PollStartAppStatusExecution] 2fa6b32f-e95e-4727-8017-cc5d820aa6a2 [2026-04-24T18:49:34.235208] Invoking pre-start scripts. (STDOUT, APP/PROC/WEB)#
#2026 04 24 18:49:36.957#Z#DEBUG#1b6ffdb0-400e-11f1-8200-eeee0a8fbd3a.CICD-srv#flowable-async-job-executor-thread-4443#
[PollStartAppStatusExecution] 2fa6b32f-e95e-4727-8017-cc5d820aa6a2 [2026-04-24T18:49:34.481306] Invoking start command. (STDOUT, APP/PROC/WEB)#
#2026 04 24 18:49:36.957#Z#DEBUG#1b6ffdb0-400e-11f1-8200-eeee0a8fbd3a.CICD-srv#flowable-async-job-executor-thread-4443#
[PollStartAppStatusExecution] 2fa6b32f-e95e-4727-8017-cc5d820aa6a2 [2026-04-24T18:49:35.005968] > CICD@1.0.0 start (STDOUT, APP/PROC/WEB)#
#2026 04 24 18:49:36.957#Z#DEBUG#1b6ffdb0-400e-11f1-8200-eeee0a8fbd3a.CICD-srv#flowable-async-job-executor-thread-4443#
[PollStartAppStatusExecution] 2fa6b32f-e95e-4727-8017-cc5d820aa6a2 [2026-04-24T18:49:35.005997] > cds-serve (STDOUT, APP/PROC/WEB)#
#2026 04 24 18:49:36.957#Z#DEBUG#1b6ffdb0-400e-11f1-8200-eeee0a8fbd3a.CICD-srv#flowable-async-job-executor-thread-4443#
[PollStartAppStatusExecution] 2fa6b32f-e95e-4727-8017-cc5d820aa6a2 [2026-04-24T18:49:35.291566] {"level":"info","logger":"cds","timestamp":"2026-04-24T18:49:35.287Z","layer":"cds","component_type":"application","container_id":"10.32.1.5","component_id":"2fa6b32f-e95e-4727-8017-cc5d820aa6a2","component_name":"CICD-srv","component_instance":0,"source_instance":0,"organization_name":"f41dc22ctrial","organization_id":"046a8282-68a1-40c1-82e5-2088a1bed5e2","space_name":"dev","space_id":"30b1e47d-b3e1-4ad0-80df-5b1673035406","msg":"loaded model from 1 file(s):\n ","type":"log"} (STDOUT, APP/PROC/WEB)#
#2026 04 24 18:49:36.957#Z#DEBUG#1b6ffdb0-400e-11f1-8200-eeee0a8fbd3a.CICD-srv#flowable-async-job-executor-thread-4443#
[PollStartAppStatusExecution] 2fa6b32f-e95e-4727-8017-cc5d820aa6a2 [2026-04-24T18:49:35.292031] srv/csn.json (STDOUT, APP/PROC/WEB)#
#2026 04 24 18:49:36.957#Z#DEBUG#1b6ffdb0-400e-11f1-8200-eeee0a8fbd3a.CICD-srv#flowable-async-job-executor-thread-4443#
[PollStartAppStatusExecution] 2fa6b32f-e95e-4727-8017-cc5d820aa6a2 [2026-04-24T18:49:35.540668] {"level":"info","logger":"cds","timestamp":"2026-04-24T18:49:35.539Z","layer":"cds","component_type":"application","container_id":"10.32.1.5","component_id":"2fa6b32f-e95e-4727-8017-cc5d820aa6a2","component_name":"CICD-srv","component_instance":0,"source_instance":0,"organization_name":"f41dc22ctrial","organization_id":"046a8282-68a1-40c1-82e5-2088a1bed5e2","space_name":"dev","space_id":"30b1e47d-b3e1-4ad0-80df-5b1673035406","msg":"connect to db > hana {\n  database_id: '0d624c87-700b-4528-98e0-8f6497c805c3',\n  host: '0d624c87-700b-4528-98e0-8f6497c805c3.hna1.prod-us10.hanacloud.ondemand.com',\n  port: '443',\n  driver: 'com.sap.db.jdbc.Driver',\n  url: 'jdbc:sap://0d624c87-700b-4528-98e0-8f6497c805c3.hna1.prod-us10.hanacloud.ondemand.com:443?encrypt=true&validateCertificate=true&currentschema=F38DEB5CC0F84DEF99F125D4701458E3',\n  schema: 'F38DEB5CC0F84DEF99F125D4701458E3',\n  certificate: '...',\n  hdi_user: 'F38DEB5CC0F84DEF99F125D4701458E3_45HCRQSQ9R0MDMLDINJOBZ5H2_DT',\n  hdi_password: '...',\n  user: 'F38DEB5CC0F84DEF99F125D4701458E3_45HCRQSQ9R0MDMLDINJOBZ5H2_RT',\n  password: '...'\n}","type":"log"} (STDOUT, APP/PROC/WEB)#
#2026 04 24 18:49:36.957#Z#DEBUG#1b6ffdb0-400e-11f1-8200-eeee0a8fbd3a.CICD-srv#flowable-async-job-executor-thread-4443#
[PollStartAppStatusExecution] 2fa6b32f-e95e-4727-8017-cc5d820aa6a2 [2026-04-24T18:49:35.574754] {"level":"info","logger":"cds","timestamp":"2026-04-24T18:49:35.574Z","layer":"cds","component_type":"application","container_id":"10.32.1.5","component_id":"2fa6b32f-e95e-4727-8017-cc5d820aa6a2","component_name":"CICD-srv","component_instance":0,"source_instance":0,"organization_name":"f41dc22ctrial","organization_id":"046a8282-68a1-40c1-82e5-2088a1bed5e2","space_name":"dev","space_id":"30b1e47d-b3e1-4ad0-80df-5b1673035406","msg":"using auth strategy { kind: 'jwt' }","type":"log"} (STDOUT, APP/PROC/WEB)#
#2026 04 24 18:49:36.957#Z#DEBUG#1b6ffdb0-400e-11f1-8200-eeee0a8fbd3a.CICD-srv#flowable-async-job-executor-thread-4443#
[PollStartAppStatusExecution] 2fa6b32f-e95e-4727-8017-cc5d820aa6a2 [2026-04-24T18:49:35.576901] node:internal/modules/cjs/loader:1421 (STDERR, APP/PROC/WEB)#
#2026 04 24 18:49:36.957#Z#DEBUG#1b6ffdb0-400e-11f1-8200-eeee0a8fbd3a.CICD-srv#flowable-async-job-executor-thread-4443#
[PollStartAppStatusExecution] 2fa6b32f-e95e-4727-8017-cc5d820aa6a2 [2026-04-24T18:49:35.576919] const err = new Error(message); (STDERR, APP/PROC/WEB)#
#2026 04 24 18:49:36.957#Z#DEBUG#1b6ffdb0-400e-11f1-8200-eeee0a8fbd3a.CICD-srv#flowable-async-job-executor-thread-4443#
[PollStartAppStatusExecution] 2fa6b32f-e95e-4727-8017-cc5d820aa6a2 [2026-04-24T18:49:35.576922] ^ (STDERR, APP/PROC/WEB)#
#2026 04 24 18:49:36.957#Z#DEBUG#1b6ffdb0-400e-11f1-8200-eeee0a8fbd3a.CICD-srv#flowable-async-job-executor-thread-4443#
[PollStartAppStatusExecution] 2fa6b32f-e95e-4727-8017-cc5d820aa6a2 [2026-04-24T18:49:35.576931] Error: Cannot find '@sap/xssec'. Make sure to install it with 'npm i @sap/xssec' (STDERR, APP/PROC/WEB)#
#2026 04 24 18:49:36.957#Z#DEBUG#1b6ffdb0-400e-11f1-8200-eeee0a8fbd3a.CICD-srv#flowable-async-job-executor-thread-4443#
[PollStartAppStatusExecution] 2fa6b32f-e95e-4727-8017-cc5d820aa6a2 [2026-04-24T18:49:35.576935] Cannot find module '@sap/xssec' (STDERR, APP/PROC/WEB)#
#2026 04 24 18:49:36.957#Z#DEBUG#1b6ffdb0-400e-11f1-8200-eeee0a8fbd3a.CICD-srv#flowable-async-job-executor-thread-4443#
[PollStartAppStatusExecution] 2fa6b32f-e95e-4727-8017-cc5d820aa6a2 [2026-04-24T18:49:35.576937] Require stack: (STDERR, APP/PROC/WEB)#
#2026 04 24 18:49:36.957#Z#DEBUG#1b6ffdb0-400e-11f1-8200-eeee0a8fbd3a.CICD-srv#flowable-async-job-executor-thread-4443#
[PollStartAppStatusExecution] 2fa6b32f-e95e-4727-8017-cc5d820aa6a2 [2026-04-24T18:49:35.576939] - /home/vcap/app/node_modules/@sap/cds/lib/srv/middlewares/auth/xssec.js (STDERR, APP/PROC/WEB)#
#2026 04 24 18:49:36.957#Z#DEBUG#1b6ffdb0-400e-11f1-8200-eeee0a8fbd3a.CICD-srv#flowable-async-job-executor-thread-4443#
[PollStartAppStatusExecution] 2fa6b32f-e95e-4727-8017-cc5d820aa6a2 [2026-04-24T18:49:35.576945] - /home/vcap/app/node_modules/@sap/cds/lib/srv/middlewares/auth/jwt-auth.js (STDERR, APP/PROC/WEB)#
#2026 04 24 18:49:36.957#Z#DEBUG#1b6ffdb0-400e-11f1-8200-eeee0a8fbd3a.CICD-srv#flowable-async-job-executor-thread-4443#
[PollStartAppStatusExecution] 2fa6b32f-e95e-4727-8017-cc5d820aa6a2 [2026-04-24T18:49:35.576947] - /home/vcap/app/node_modules/@sap/cds/lib/srv/middlewares/auth/index.js (STDERR, APP/PROC/WEB)#
#2026 04 24 18:49:36.957#Z#DEBUG#1b6ffdb0-400e-11f1-8200-eeee0a8fbd3a.CICD-srv#flowable-async-job-executor-thread-4443#
[PollStartAppStatusExecution] 2fa6b32f-e95e-4727-8017-cc5d820aa6a2 [2026-04-24T18:49:35.576949] - /home/vcap/app/node_modules/@sap/cds/lib/srv/middlewares/index.js (STDERR, APP/PROC/WEB)#
#2026 04 24 18:49:36.957#Z#DEBUG#1b6ffdb0-400e-11f1-8200-eeee0a8fbd3a.CICD-srv#flowable-async-job-executor-thread-4443#
[PollStartAppStatusExecution] 2fa6b32f-e95e-4727-8017-cc5d820aa6a2 [2026-04-24T18:49:35.576952] - /home/vcap/app/node_modules/@sap/cds/lib/index.js (STDERR, APP/PROC/WEB)#
#2026 04 24 18:49:36.957#Z#DEBUG#1b6ffdb0-400e-11f1-8200-eeee0a8fbd3a.CICD-srv#flowable-async-job-executor-thread-4443#
[PollStartAppStatusExecution] 2fa6b32f-e95e-4727-8017-cc5d820aa6a2 [2026-04-24T18:49:35.576954] - /home/vcap/app/node_modules/@sap/cds/bin/serve.js (STDERR, APP/PROC/WEB)#
#2026 04 24 18:49:36.957#Z#DEBUG#1b6ffdb0-400e-11f1-8200-eeee0a8fbd3a.CICD-srv#flowable-async-job-executor-thread-4443#
[PollStartAppStatusExecution] 2fa6b32f-e95e-4727-8017-cc5d820aa6a2 [2026-04-24T18:49:35.576956] at Module._resolveFilename (node:internal/modules/cjs/loader:1421:15) (STDERR, APP/PROC/WEB)#
#2026 04 24 18:49:36.957#Z#DEBUG#1b6ffdb0-400e-11f1-8200-eeee0a8fbd3a.CICD-srv#flowable-async-job-executor-thread-4443#
[PollStartAppStatusExecution] 2fa6b32f-e95e-4727-8017-cc5d820aa6a2 [2026-04-24T18:49:35.576961] at defaultResolveImpl (node:internal/modules/cjs/loader:1059:19) (STDERR, APP/PROC/WEB)#
#2026 04 24 18:49:36.957#Z#DEBUG#1b6ffdb0-400e-11f1-8200-eeee0a8fbd3a.CICD-srv#flowable-async-job-executor-thread-4443#
[PollStartAppStatusExecution] 2fa6b32f-e95e-4727-8017-cc5d820aa6a2 [2026-04-24T18:49:35.576963] at resolveForCJSWithHooks (node:internal/modules/cjs/loader:1064:22) (STDERR, APP/PROC/WEB)#
#2026 04 24 18:49:36.957#Z#DEBUG#1b6ffdb0-400e-11f1-8200-eeee0a8fbd3a.CICD-srv#flowable-async-job-executor-thread-4443#
[PollStartAppStatusExecution] 2fa6b32f-e95e-4727-8017-cc5d820aa6a2 [2026-04-24T18:49:35.576965] at Module._load (node:internal/modules/cjs/loader:1227:37) (STDERR, APP/PROC/WEB)#
#2026 04 24 18:49:36.957#Z#DEBUG#1b6ffdb0-400e-11f1-8200-eeee0a8fbd3a.CICD-srv#flowable-async-job-executor-thread-4443#
[PollStartAppStatusExecution] 2fa6b32f-e95e-4727-8017-cc5d820aa6a2 [2026-04-24T18:49:35.576968] at TracingChannel.traceSync (node:diagnostics_channel:328:14) (STDERR, APP/PROC/WEB)#
#2026 04 24 18:49:36.957#Z#DEBUG#1b6ffdb0-400e-11f1-8200-eeee0a8fbd3a.CICD-srv#flowable-async-job-executor-thread-4443#
[PollStartAppStatusExecution] 2fa6b32f-e95e-4727-8017-cc5d820aa6a2 [2026-04-24T18:49:35.576970] at wrapModuleLoad (node:internal/modules/cjs/loader:245:24) (STDERR, APP/PROC/WEB)#
#2026 04 24 18:49:36.957#Z#DEBUG#1b6ffdb0-400e-11f1-8200-eeee0a8fbd3a.CICD-srv#flowable-async-job-executor-thread-4443#
[PollStartAppStatusExecution] 2fa6b32f-e95e-4727-8017-cc5d820aa6a2 [2026-04-24T18:49:35.576972] at Module.require (node:internal/modules/cjs/loader:1504:12) (STDERR, APP/PROC/WEB)#
#2026 04 24 18:49:36.957#Z#DEBUG#1b6ffdb0-400e-11f1-8200-eeee0a8fbd3a.CICD-srv#flowable-async-job-executor-thread-4443#
[PollStartAppStatusExecution] 2fa6b32f-e95e-4727-8017-cc5d820aa6a2 [2026-04-24T18:49:35.576974] at require (node:internal/modules/helpers:152:16) (STDERR, APP/PROC/WEB)#
#2026 04 24 18:49:36.957#Z#DEBUG#1b6ffdb0-400e-11f1-8200-eeee0a8fbd3a.CICD-srv#flowable-async-job-executor-thread-4443#
[PollStartAppStatusExecution] 2fa6b32f-e95e-4727-8017-cc5d820aa6a2 [2026-04-24T18:49:35.576977] at Object.<anonymous> (/home/vcap/app/node_modules/@sap/cds/lib/srv/middlewares/auth/xssec.js:2:17) (STDERR, APP/PROC/WEB)#
#2026 04 24 18:49:36.957#Z#DEBUG#1b6ffdb0-400e-11f1-8200-eeee0a8fbd3a.CICD-srv#flowable-async-job-executor-thread-4443#
[PollStartAppStatusExecution] 2fa6b32f-e95e-4727-8017-cc5d820aa6a2 [2026-04-24T18:49:35.576980] at Module._compile (node:internal/modules/cjs/loader:1761:14) { (STDERR, APP/PROC/WEB)#
#2026 04 24 18:49:36.957#Z#DEBUG#1b6ffdb0-400e-11f1-8200-eeee0a8fbd3a.CICD-srv#flowable-async-job-executor-thread-4443#
[PollStartAppStatusExecution] 2fa6b32f-e95e-4727-8017-cc5d820aa6a2 [2026-04-24T18:49:35.576982] code: 'MODULE_NOT_FOUND', (STDERR, APP/PROC/WEB)#
#2026 04 24 18:49:36.957#Z#DEBUG#1b6ffdb0-400e-11f1-8200-eeee0a8fbd3a.CICD-srv#flowable-async-job-executor-thread-4443#
[PollStartAppStatusExecution] 2fa6b32f-e95e-4727-8017-cc5d820aa6a2 [2026-04-24T18:49:35.576985] requireStack: [ (STDERR, APP/PROC/WEB)#
#2026 04 24 18:49:36.957#Z#DEBUG#1b6ffdb0-400e-11f1-8200-eeee0a8fbd3a.CICD-srv#flowable-async-job-executor-thread-4443#
[PollStartAppStatusExecution] 2fa6b32f-e95e-4727-8017-cc5d820aa6a2 [2026-04-24T18:49:35.576987] '/home/vcap/app/node_modules/@sap/cds/lib/srv/middlewares/auth/xssec.js', (STDERR, APP/PROC/WEB)#
#2026 04 24 18:49:36.957#Z#DEBUG#1b6ffdb0-400e-11f1-8200-eeee0a8fbd3a.CICD-srv#flowable-async-job-executor-thread-4443#
[PollStartAppStatusExecution] 2fa6b32f-e95e-4727-8017-cc5d820aa6a2 [2026-04-24T18:49:35.576989] '/home/vcap/app/node_modules/@sap/cds/lib/srv/middlewares/auth/jwt-auth.js', (STDERR, APP/PROC/WEB)#
#2026 04 24 18:49:36.957#Z#DEBUG#1b6ffdb0-400e-11f1-8200-eeee0a8fbd3a.CICD-srv#flowable-async-job-executor-thread-4443#
[PollStartAppStatusExecution] 2fa6b32f-e95e-4727-8017-cc5d820aa6a2 [2026-04-24T18:49:35.576991] '/home/vcap/app/node_modules/@sap/cds/lib/srv/middlewares/auth/index.js', (STDERR, APP/PROC/WEB)#
#2026 04 24 18:49:36.957#Z#DEBUG#1b6ffdb0-400e-11f1-8200-eeee0a8fbd3a.CICD-srv#flowable-async-job-executor-thread-4443#
[PollStartAppStatusExecution] 2fa6b32f-e95e-4727-8017-cc5d820aa6a2 [2026-04-24T18:49:35.576993] '/home/vcap/app/node_modules/@sap/cds/lib/srv/middlewares/index.js', (STDERR, APP/PROC/WEB)#
#2026 04 24 18:49:36.957#Z#DEBUG#1b6ffdb0-400e-11f1-8200-eeee0a8fbd3a.CICD-srv#flowable-async-job-executor-thread-4443#
[PollStartAppStatusExecution] 2fa6b32f-e95e-4727-8017-cc5d820aa6a2 [2026-04-24T18:49:35.576995] '/home/vcap/app/node_modules/@sap/cds/lib/index.js', (STDERR, APP/PROC/WEB)#
#2026 04 24 18:49:36.957#Z#DEBUG#1b6ffdb0-400e-11f1-8200-eeee0a8fbd3a.CICD-srv#flowable-async-job-executor-thread-4443#
[PollStartAppStatusExecution] 2fa6b32f-e95e-4727-8017-cc5d820aa6a2 [2026-04-24T18:49:35.576997] '/home/vcap/app/node_modules/@sap/cds/bin/serve.js' (STDERR, APP/PROC/WEB)#
#2026 04 24 18:49:36.957#Z#DEBUG#1b6ffdb0-400e-11f1-8200-eeee0a8fbd3a.CICD-srv#flowable-async-job-executor-thread-4443#
[PollStartAppStatusExecution] 2fa6b32f-e95e-4727-8017-cc5d820aa6a2 [2026-04-24T18:49:35.576999] ] (STDERR, APP/PROC/WEB)#
#2026 04 24 18:49:36.957#Z#DEBUG#1b6ffdb0-400e-11f1-8200-eeee0a8fbd3a.CICD-srv#flowable-async-job-executor-thread-4443#
[PollStartAppStatusExecution] 2fa6b32f-e95e-4727-8017-cc5d820aa6a2 [2026-04-24T18:49:35.577002] } (STDERR, APP/PROC/WEB)#
#2026 04 24 18:49:36.957#Z#DEBUG#1b6ffdb0-400e-11f1-8200-eeee0a8fbd3a.CICD-srv#flowable-async-job-executor-thread-4443#
[PollStartAppStatusExecution] 2fa6b32f-e95e-4727-8017-cc5d820aa6a2 [2026-04-24T18:49:35.577004] Node.js v24.13.0 (STDERR, APP/PROC/WEB)#
#2026 04 24 18:49:36.957#Z#DEBUG#1b6ffdb0-400e-11f1-8200-eeee0a8fbd3a.CICD-srv#flowable-async-job-executor-thread-4443#
[PollStartAppStatusExecution] 2fa6b32f-e95e-4727-8017-cc5d820aa6a2 [2026-04-24T18:49:35.595704] npm notice (STDERR, APP/PROC/WEB)#
#2026 04 24 18:49:36.957#Z#DEBUG#1b6ffdb0-400e-11f1-8200-eeee0a8fbd3a.CICD-srv#flowable-async-job-executor-thread-4443#
[PollStartAppStatusExecution] 2fa6b32f-e95e-4727-8017-cc5d820aa6a2 [2026-04-24T18:49:35.595733] npm notice New minor version of npm available! 11.6.2 -> 11.13.0 (STDERR, APP/PROC/WEB)#
#2026 04 24 18:49:36.957#Z#DEBUG#1b6ffdb0-400e-11f1-8200-eeee0a8fbd3a.CICD-srv#flowable-async-job-executor-thread-4443#
[PollStartAppStatusExecution] 2fa6b32f-e95e-4727-8017-cc5d820aa6a2 [2026-04-24T18:49:35.595739] npm notice Changelog: https://github.com/npm/cli/releases/tag/v11.13.0 (STDERR, APP/PROC/WEB)#
#2026 04 24 18:49:36.957#Z#DEBUG#1b6ffdb0-400e-11f1-8200-eeee0a8fbd3a.CICD-srv#flowable-async-job-executor-thread-4443#
[PollStartAppStatusExecution] 2fa6b32f-e95e-4727-8017-cc5d820aa6a2 [2026-04-24T18:49:35.595742] npm notice To update run: npm install -g npm@11.13.0 (STDERR, APP/PROC/WEB)#
#2026 04 24 18:49:36.957#Z#DEBUG#1b6ffdb0-400e-11f1-8200-eeee0a8fbd3a.CICD-srv#flowable-async-job-executor-thread-4443#
[PollStartAppStatusExecution] 2fa6b32f-e95e-4727-8017-cc5d820aa6a2 [2026-04-24T18:49:35.595745] npm notice (STDERR, APP/PROC/WEB)#
#2026 04 24 18:49:36.957#Z#DEBUG#1b6ffdb0-400e-11f1-8200-eeee0a8fbd3a.CICD-srv#flowable-async-job-executor-thread-4443#
[PollStartAppStatusExecution] 2fa6b32f-e95e-4727-8017-cc5d820aa6a2 [2026-04-24T18:49:35.682698] Exit status 1 (STDOUT, APP/PROC/WEB)#
#2026 04 24 18:49:46.988#Z#DEBUG#1b6ffdb0-400e-11f1-8200-eeee0a8fbd3a.CICD-srv#flowable-async-job-executor-thread-6680#
[PollStartAppStatusExecution] 2fa6b32f-e95e-4727-8017-cc5d820aa6a2 [2026-04-24T18:49:42.056849] Cell d1cc041a-d5a1-41d6-b9f6-6cda736ce3f0 stopping instance a043c2a6-aa0a-4aa8-5317-f103 (STDOUT, CELL)#
#2026 04 24 18:49:46.988#Z#DEBUG#1b6ffdb0-400e-11f1-8200-eeee0a8fbd3a.CICD-srv#flowable-async-job-executor-thread-6680#
[PollStartAppStatusExecution] 2fa6b32f-e95e-4727-8017-cc5d820aa6a2 [2026-04-24T18:49:42.056888] Cell d1cc041a-d5a1-41d6-b9f6-6cda736ce3f0 destroying container for instance a043c2a6-aa0a-4aa8-5317-f103 (STDOUT, CELL)#
#2026 04 24 18:49:46.988#Z#DEBUG#1b6ffdb0-400e-11f1-8200-eeee0a8fbd3a.CICD-srv#flowable-async-job-executor-thread-6680#
[PollStartAppStatusExecution] 2fa6b32f-e95e-4727-8017-cc5d820aa6a2 [2026-04-24T18:49:42.063351] Process has crashed with type: "web" (STDOUT, API)#
#2026 04 24 18:49:46.988#Z#DEBUG#1b6ffdb0-400e-11f1-8200-eeee0a8fbd3a.CICD-srv#flowable-async-job-executor-thread-6680#
[PollStartAppStatusExecution] 2fa6b32f-e95e-4727-8017-cc5d820aa6a2 [2026-04-24T18:49:42.074846] App instance exited with guid 2fa6b32f-e95e-4727-8017-cc5d820aa6a2 payload: {"instance"=>"a043c2a6-aa0a-4aa8-5317-f103", "index"=>0, "cell_id"=>"d1cc041a-d5a1-41d6-b9f6-6cda736ce3f0", "reason"=>"CRASHED", "exit_description"=>"APP/PROC/WEB: Exited with status 1", "crash_count"=>1, "crash_timestamp"=>1777056582040739774, "version"=>"ae96f103-54c5-4299-90ec-6632cce868d0"} (STDOUT, API)#
#2026 04 24 18:49:46.988#Z#DEBUG#1b6ffdb0-400e-11f1-8200-eeee0a8fbd3a.CICD-srv#flowable-async-job-executor-thread-6680#
[PollStartAppStatusExecution] 2fa6b32f-e95e-4727-8017-cc5d820aa6a2 [2026-04-24T18:49:42.175494] Cell 77283d80-dfa7-40ba-ba4e-265aef112085 creating container for instance 946637ff-f2b8-4b41-6fce-768c (STDOUT, CELL)#
#2026 04 24 18:49:46.988#Z#DEBUG#1b6ffdb0-400e-11f1-8200-eeee0a8fbd3a.CICD-srv#flowable-async-job-executor-thread-6680#
[PollStartAppStatusExecution] 2fa6b32f-e95e-4727-8017-cc5d820aa6a2 [2026-04-24T18:49:42.291991] Exit status 137 (STDOUT, PROXY)#
#2026 04 24 18:49:46.988#Z#DEBUG#1b6ffdb0-400e-11f1-8200-eeee0a8fbd3a.CICD-srv#flowable-async-job-executor-thread-6680#
[PollStartAppStatusExecution] 2fa6b32f-e95e-4727-8017-cc5d820aa6a2 [2026-04-24T18:49:43.077150] Security group rules were updated (STDOUT, CELL)#
#2026 04 24 18:49:46.988#Z#DEBUG#1b6ffdb0-400e-11f1-8200-eeee0a8fbd3a.CICD-srv#flowable-async-job-executor-thread-6680#
[PollStartAppStatusExecution] 2fa6b32f-e95e-4727-8017-cc5d820aa6a2 [2026-04-24T18:49:43.178292] Cell 77283d80-dfa7-40ba-ba4e-265aef112085 successfully created container for instance 946637ff-f2b8-4b41-6fce-768c (STDOUT, CELL)#
#2026 04 24 18:49:46.988#Z#DEBUG#1b6ffdb0-400e-11f1-8200-eeee0a8fbd3a.CICD-srv#flowable-async-job-executor-thread-6680#
[PollStartAppStatusExecution] 2fa6b32f-e95e-4727-8017-cc5d820aa6a2 [2026-04-24T18:49:44.353094] Downloading droplet... (STDOUT, CELL)#
#2026 04 24 18:49:46.988#Z#DEBUG#1b6ffdb0-400e-11f1-8200-eeee0a8fbd3a.CICD-srv#flowable-async-job-executor-thread-6680#
[PollStartAppStatusExecution] 2fa6b32f-e95e-4727-8017-cc5d820aa6a2 [2026-04-24T18:49:44.691505] Cell d1cc041a-d5a1-41d6-b9f6-6cda736ce3f0 successfully destroyed container for instance a043c2a6-aa0a-4aa8-5317-f103 (STDOUT, CELL)#
#2026 04 24 18:49:57.065#Z#DEBUG#1b6ffdb0-400e-11f1-8200-eeee0a8fbd3a.CICD-srv#flowable-async-job-executor-thread-6687#
[PollStartAppStatusExecution] 2fa6b32f-e95e-4727-8017-cc5d820aa6a2 [2026-04-24T18:49:48.378609] Downloaded droplet (59M) (STDOUT, CELL)#
#2026 04 24 18:49:57.065#Z#DEBUG#1b6ffdb0-400e-11f1-8200-eeee0a8fbd3a.CICD-srv#flowable-async-job-executor-thread-6687#
[PollStartAppStatusExecution] 2fa6b32f-e95e-4727-8017-cc5d820aa6a2 [2026-04-24T18:49:48.378787] Starting health monitoring of container (STDOUT, CELL)#
#2026 04 24 18:49:57.065#Z#DEBUG#1b6ffdb0-400e-11f1-8200-eeee0a8fbd3a.CICD-srv#flowable-async-job-executor-thread-6687#
[PollStartAppStatusExecution] 2fa6b32f-e95e-4727-8017-cc5d820aa6a2 [2026-04-24T18:49:48.539780] Invoking pre-start scripts. (STDOUT, APP/PROC/WEB)#
#2026 04 24 18:49:57.065#Z#DEBUG#1b6ffdb0-400e-11f1-8200-eeee0a8fbd3a.CICD-srv#flowable-async-job-executor-thread-6687#
[PollStartAppStatusExecution] 2fa6b32f-e95e-4727-8017-cc5d820aa6a2 [2026-04-24T18:49:48.793189] Invoking start command. (STDOUT, APP/PROC/WEB)#
#2026 04 24 18:49:57.065#Z#DEBUG#1b6ffdb0-400e-11f1-8200-eeee0a8fbd3a.CICD-srv#flowable-async-job-executor-thread-6687#
[PollStartAppStatusExecution] 2fa6b32f-e95e-4727-8017-cc5d820aa6a2 [2026-04-24T18:49:49.315608] > CICD@1.0.0 start (STDOUT, APP/PROC/WEB)#
#2026 04 24 18:49:57.065#Z#DEBUG#1b6ffdb0-400e-11f1-8200-eeee0a8fbd3a.CICD-srv#flowable-async-job-executor-thread-6687#
[PollStartAppStatusExecution] 2fa6b32f-e95e-4727-8017-cc5d820aa6a2 [2026-04-24T18:49:49.315638] > cds-serve (STDOUT, APP/PROC/WEB)#
#2026 04 24 18:49:57.065#Z#DEBUG#1b6ffdb0-400e-11f1-8200-eeee0a8fbd3a.CICD-srv#flowable-async-job-executor-thread-6687#
[PollStartAppStatusExecution] 2fa6b32f-e95e-4727-8017-cc5d820aa6a2 [2026-04-24T18:49:49.608754] {"level":"info","logger":"cds","timestamp":"2026-04-24T18:49:49.607Z","layer":"cds","component_type":"application","container_id":"10.32.3.6","component_id":"2fa6b32f-e95e-4727-8017-cc5d820aa6a2","component_name":"CICD-srv","component_instance":0,"source_instance":0,"organization_name":"f41dc22ctrial","organization_id":"046a8282-68a1-40c1-82e5-2088a1bed5e2","space_name":"dev","space_id":"30b1e47d-b3e1-4ad0-80df-5b1673035406","msg":"loaded model from 1 file(s):\n ","type":"log"} (STDOUT, APP/PROC/WEB)#
#2026 04 24 18:49:57.065#Z#DEBUG#1b6ffdb0-400e-11f1-8200-eeee0a8fbd3a.CICD-srv#flowable-async-job-executor-thread-6687#
[PollStartAppStatusExecution] 2fa6b32f-e95e-4727-8017-cc5d820aa6a2 [2026-04-24T18:49:49.609175] srv/csn.json (STDOUT, APP/PROC/WEB)#
#2026 04 24 18:49:57.065#Z#DEBUG#1b6ffdb0-400e-11f1-8200-eeee0a8fbd3a.CICD-srv#flowable-async-job-executor-thread-6687#
[PollStartAppStatusExecution] 2fa6b32f-e95e-4727-8017-cc5d820aa6a2 [2026-04-24T18:49:49.871213] {"level":"info","logger":"cds","timestamp":"2026-04-24T18:49:49.870Z","layer":"cds","component_type":"application","container_id":"10.32.3.6","component_id":"2fa6b32f-e95e-4727-8017-cc5d820aa6a2","component_name":"CICD-srv","component_instance":0,"source_instance":0,"organization_name":"f41dc22ctrial","organization_id":"046a8282-68a1-40c1-82e5-2088a1bed5e2","space_name":"dev","space_id":"30b1e47d-b3e1-4ad0-80df-5b1673035406","msg":"connect to db > hana {\n  database_id: '0d624c87-700b-4528-98e0-8f6497c805c3',\n  host: '0d624c87-700b-4528-98e0-8f6497c805c3.hna1.prod-us10.hanacloud.ondemand.com',\n  port: '443',\n  driver: 'com.sap.db.jdbc.Driver',\n  url: 'jdbc:sap://0d624c87-700b-4528-98e0-8f6497c805c3.hna1.prod-us10.hanacloud.ondemand.com:443?encrypt=true&validateCertificate=true&currentschema=F38DEB5CC0F84DEF99F125D4701458E3',\n  schema: 'F38DEB5CC0F84DEF99F125D4701458E3',\n  certificate: '...',\n  hdi_user: 'F38DEB5CC0F84DEF99F125D4701458E3_45HCRQSQ9R0MDMLDINJOBZ5H2_DT',\n  hdi_password: '...',\n  user: 'F38DEB5CC0F84DEF99F125D4701458E3_45HCRQSQ9R0MDMLDINJOBZ5H2_RT',\n  password: '...'\n}","type":"log"} (STDOUT, APP/PROC/WEB)#
#2026 04 24 18:49:57.065#Z#DEBUG#1b6ffdb0-400e-11f1-8200-eeee0a8fbd3a.CICD-srv#flowable-async-job-executor-thread-6687#
[PollStartAppStatusExecution] 2fa6b32f-e95e-4727-8017-cc5d820aa6a2 [2026-04-24T18:49:49.908372] {"level":"info","logger":"cds","timestamp":"2026-04-24T18:49:49.907Z","layer":"cds","component_type":"application","container_id":"10.32.3.6","component_id":"2fa6b32f-e95e-4727-8017-cc5d820aa6a2","component_name":"CICD-srv","component_instance":0,"source_instance":0,"organization_name":"f41dc22ctrial","organization_id":"046a8282-68a1-40c1-82e5-2088a1bed5e2","space_name":"dev","space_id":"30b1e47d-b3e1-4ad0-80df-5b1673035406","msg":"using auth strategy { kind: 'jwt' }","type":"log"} (STDOUT, APP/PROC/WEB)#
#2026 04 24 18:49:57.065#Z#DEBUG#1b6ffdb0-400e-11f1-8200-eeee0a8fbd3a.CICD-srv#flowable-async-job-executor-thread-6687#
[PollStartAppStatusExecution] 2fa6b32f-e95e-4727-8017-cc5d820aa6a2 [2026-04-24T18:49:49.910385] node:internal/modules/cjs/loader:1421 (STDERR, APP/PROC/WEB)#
#2026 04 24 18:49:57.065#Z#DEBUG#1b6ffdb0-400e-11f1-8200-eeee0a8fbd3a.CICD-srv#flowable-async-job-executor-thread-6687#
[PollStartAppStatusExecution] 2fa6b32f-e95e-4727-8017-cc5d820aa6a2 [2026-04-24T18:49:49.910405] const err = new Error(message); (STDERR, APP/PROC/WEB)#
#2026 04 24 18:49:57.065#Z#DEBUG#1b6ffdb0-400e-11f1-8200-eeee0a8fbd3a.CICD-srv#flowable-async-job-executor-thread-6687#
[PollStartAppStatusExecution] 2fa6b32f-e95e-4727-8017-cc5d820aa6a2 [2026-04-24T18:49:49.910409] ^ (STDERR, APP/PROC/WEB)#
#2026 04 24 18:49:57.065#Z#DEBUG#1b6ffdb0-400e-11f1-8200-eeee0a8fbd3a.CICD-srv#flowable-async-job-executor-thread-6687#
[PollStartAppStatusExecution] 2fa6b32f-e95e-4727-8017-cc5d820aa6a2 [2026-04-24T18:49:49.910414] Error: Cannot find '@sap/xssec'. Make sure to install it with 'npm i @sap/xssec' (STDERR, APP/PROC/WEB)#
#2026 04 24 18:49:57.065#Z#DEBUG#1b6ffdb0-400e-11f1-8200-eeee0a8fbd3a.CICD-srv#flowable-async-job-executor-thread-6687#
[PollStartAppStatusExecution] 2fa6b32f-e95e-4727-8017-cc5d820aa6a2 [2026-04-24T18:49:49.910418] Cannot find module '@sap/xssec' (STDERR, APP/PROC/WEB)#
#2026 04 24 18:49:57.065#Z#DEBUG#1b6ffdb0-400e-11f1-8200-eeee0a8fbd3a.CICD-srv#flowable-async-job-executor-thread-6687#
[PollStartAppStatusExecution] 2fa6b32f-e95e-4727-8017-cc5d820aa6a2 [2026-04-24T18:49:49.910421] Require stack: (STDERR, APP/PROC/WEB)#
#2026 04 24 18:49:57.065#Z#DEBUG#1b6ffdb0-400e-11f1-8200-eeee0a8fbd3a.CICD-srv#flowable-async-job-executor-thread-6687#
[PollStartAppStatusExecution] 2fa6b32f-e95e-4727-8017-cc5d820aa6a2 [2026-04-24T18:49:49.910427] - /home/vcap/app/node_modules/@sap/cds/lib/srv/middlewares/auth/xssec.js (STDERR, APP/PROC/WEB)#
#2026 04 24 18:49:57.065#Z#DEBUG#1b6ffdb0-400e-11f1-8200-eeee0a8fbd3a.CICD-srv#flowable-async-job-executor-thread-6687#
[PollStartAppStatusExecution] 2fa6b32f-e95e-4727-8017-cc5d820aa6a2 [2026-04-24T18:49:49.910430] - /home/vcap/app/node_modules/@sap/cds/lib/srv/middlewares/auth/jwt-auth.js (STDERR, APP/PROC/WEB)#
#2026 04 24 18:49:57.065#Z#DEBUG#1b6ffdb0-400e-11f1-8200-eeee0a8fbd3a.CICD-srv#flowable-async-job-executor-thread-6687#
[PollStartAppStatusExecution] 2fa6b32f-e95e-4727-8017-cc5d820aa6a2 [2026-04-24T18:49:49.910433] - /home/vcap/app/node_modules/@sap/cds/lib/srv/middlewares/auth/index.js (STDERR, APP/PROC/WEB)#
#2026 04 24 18:49:57.065#Z#DEBUG#1b6ffdb0-400e-11f1-8200-eeee0a8fbd3a.CICD-srv#flowable-async-job-executor-thread-6687#
[PollStartAppStatusExecution] 2fa6b32f-e95e-4727-8017-cc5d820aa6a2 [2026-04-24T18:49:49.910436] - /home/vcap/app/node_modules/@sap/cds/lib/srv/middlewares/index.js (STDERR, APP/PROC/WEB)#
#2026 04 24 18:49:57.065#Z#DEBUG#1b6ffdb0-400e-11f1-8200-eeee0a8fbd3a.CICD-srv#flowable-async-job-executor-thread-6687#
[PollStartAppStatusExecution] 2fa6b32f-e95e-4727-8017-cc5d820aa6a2 [2026-04-24T18:49:49.910439] - /home/vcap/app/node_modules/@sap/cds/lib/index.js (STDERR, APP/PROC/WEB)#
#2026 04 24 18:49:57.065#Z#DEBUG#1b6ffdb0-400e-11f1-8200-eeee0a8fbd3a.CICD-srv#flowable-async-job-executor-thread-6687#
[PollStartAppStatusExecution] 2fa6b32f-e95e-4727-8017-cc5d820aa6a2 [2026-04-24T18:49:49.910442] - /home/vcap/app/node_modules/@sap/cds/bin/serve.js (STDERR, APP/PROC/WEB)#
#2026 04 24 18:49:57.065#Z#DEBUG#1b6ffdb0-400e-11f1-8200-eeee0a8fbd3a.CICD-srv#flowable-async-job-executor-thread-6687#
[PollStartAppStatusExecution] 2fa6b32f-e95e-4727-8017-cc5d820aa6a2 [2026-04-24T18:49:49.910445] at Module._resolveFilename (node:internal/modules/cjs/loader:1421:15) (STDERR, APP/PROC/WEB)#
#2026 04 24 18:49:57.065#Z#DEBUG#1b6ffdb0-400e-11f1-8200-eeee0a8fbd3a.CICD-srv#flowable-async-job-executor-thread-6687#
[PollStartAppStatusExecution] 2fa6b32f-e95e-4727-8017-cc5d820aa6a2 [2026-04-24T18:49:49.910448] at defaultResolveImpl (node:internal/modules/cjs/loader:1059:19) (STDERR, APP/PROC/WEB)#
#2026 04 24 18:49:57.065#Z#DEBUG#1b6ffdb0-400e-11f1-8200-eeee0a8fbd3a.CICD-srv#flowable-async-job-executor-thread-6687#
[PollStartAppStatusExecution] 2fa6b32f-e95e-4727-8017-cc5d820aa6a2 [2026-04-24T18:49:49.910450] at resolveForCJSWithHooks (node:internal/modules/cjs/loader:1064:22) (STDERR, APP/PROC/WEB)#
#2026 04 24 18:49:57.065#Z#DEBUG#1b6ffdb0-400e-11f1-8200-eeee0a8fbd3a.CICD-srv#flowable-async-job-executor-thread-6687#
[PollStartAppStatusExecution] 2fa6b32f-e95e-4727-8017-cc5d820aa6a2 [2026-04-24T18:49:49.910454] at Module._load (node:internal/modules/cjs/loader:1227:37) (STDERR, APP/PROC/WEB)#
#2026 04 24 18:49:57.065#Z#DEBUG#1b6ffdb0-400e-11f1-8200-eeee0a8fbd3a.CICD-srv#flowable-async-job-executor-thread-6687#
[PollStartAppStatusExecution] 2fa6b32f-e95e-4727-8017-cc5d820aa6a2 [2026-04-24T18:49:49.910457] at TracingChannel.traceSync (node:diagnostics_channel:328:14) (STDERR, APP/PROC/WEB)#
#2026 04 24 18:49:57.065#Z#DEBUG#1b6ffdb0-400e-11f1-8200-eeee0a8fbd3a.CICD-srv#flowable-async-job-executor-thread-6687#
[PollStartAppStatusExecution] 2fa6b32f-e95e-4727-8017-cc5d820aa6a2 [2026-04-24T18:49:49.910459] at wrapModuleLoad (node:internal/modules/cjs/loader:245:24) (STDERR, APP/PROC/WEB)#
#2026 04 24 18:49:57.065#Z#DEBUG#1b6ffdb0-400e-11f1-8200-eeee0a8fbd3a.CICD-srv#flowable-async-job-executor-thread-6687#
[PollStartAppStatusExecution] 2fa6b32f-e95e-4727-8017-cc5d820aa6a2 [2026-04-24T18:49:49.910461] at Module.require (node:internal/modules/cjs/loader:1504:12) (STDERR, APP/PROC/WEB)#
#2026 04 24 18:49:57.065#Z#DEBUG#1b6ffdb0-400e-11f1-8200-eeee0a8fbd3a.CICD-srv#flowable-async-job-executor-thread-6687#
[PollStartAppStatusExecution] 2fa6b32f-e95e-4727-8017-cc5d820aa6a2 [2026-04-24T18:49:49.910464] at require (node:internal/modules/helpers:152:16) (STDERR, APP/PROC/WEB)#
#2026 04 24 18:49:57.065#Z#DEBUG#1b6ffdb0-400e-11f1-8200-eeee0a8fbd3a.CICD-srv#flowable-async-job-executor-thread-6687#
[PollStartAppStatusExecution] 2fa6b32f-e95e-4727-8017-cc5d820aa6a2 [2026-04-24T18:49:49.910467] at Object.<anonymous> (/home/vcap/app/node_modules/@sap/cds/lib/srv/middlewares/auth/xssec.js:2:17) (STDERR, APP/PROC/WEB)#
#2026 04 24 18:49:57.065#Z#DEBUG#1b6ffdb0-400e-11f1-8200-eeee0a8fbd3a.CICD-srv#flowable-async-job-executor-thread-6687#
[PollStartAppStatusExecution] 2fa6b32f-e95e-4727-8017-cc5d820aa6a2 [2026-04-24T18:49:49.910470] at Module._compile (node:internal/modules/cjs/loader:1761:14) { (STDERR, APP/PROC/WEB)#
#2026 04 24 18:49:57.065#Z#DEBUG#1b6ffdb0-400e-11f1-8200-eeee0a8fbd3a.CICD-srv#flowable-async-job-executor-thread-6687#
[PollStartAppStatusExecution] 2fa6b32f-e95e-4727-8017-cc5d820aa6a2 [2026-04-24T18:49:49.910472] code: 'MODULE_NOT_FOUND', (STDERR, APP/PROC/WEB)#
#2026 04 24 18:49:57.065#Z#DEBUG#1b6ffdb0-400e-11f1-8200-eeee0a8fbd3a.CICD-srv#flowable-async-job-executor-thread-6687#
[PollStartAppStatusExecution] 2fa6b32f-e95e-4727-8017-cc5d820aa6a2 [2026-04-24T18:49:49.910475] requireStack: [ (STDERR, APP/PROC/WEB)#
#2026 04 24 18:49:57.065#Z#DEBUG#1b6ffdb0-400e-11f1-8200-eeee0a8fbd3a.CICD-srv#flowable-async-job-executor-thread-6687#
[PollStartAppStatusExecution] 2fa6b32f-e95e-4727-8017-cc5d820aa6a2 [2026-04-24T18:49:49.910482] '/home/vcap/app/node_modules/@sap/cds/lib/srv/middlewares/auth/xssec.js', (STDERR, APP/PROC/WEB)#
#2026 04 24 18:49:57.065#Z#DEBUG#1b6ffdb0-400e-11f1-8200-eeee0a8fbd3a.CICD-srv#flowable-async-job-executor-thread-6687#
[PollStartAppStatusExecution] 2fa6b32f-e95e-4727-8017-cc5d820aa6a2 [2026-04-24T18:49:49.910485] '/home/vcap/app/node_modules/@sap/cds/lib/srv/middlewares/auth/jwt-auth.js', (STDERR, APP/PROC/WEB)#
#2026 04 24 18:49:57.065#Z#DEBUG#1b6ffdb0-400e-11f1-8200-eeee0a8fbd3a.CICD-srv#flowable-async-job-executor-thread-6687#
[PollStartAppStatusExecution] 2fa6b32f-e95e-4727-8017-cc5d820aa6a2 [2026-04-24T18:49:49.910487] '/home/vcap/app/node_modules/@sap/cds/lib/srv/middlewares/auth/index.js', (STDERR, APP/PROC/WEB)#
#2026 04 24 18:49:57.065#Z#DEBUG#1b6ffdb0-400e-11f1-8200-eeee0a8fbd3a.CICD-srv#flowable-async-job-executor-thread-6687#
[PollStartAppStatusExecution] 2fa6b32f-e95e-4727-8017-cc5d820aa6a2 [2026-04-24T18:49:49.910490] '/home/vcap/app/node_modules/@sap/cds/lib/srv/middlewares/index.js', (STDERR, APP/PROC/WEB)#
#2026 04 24 18:49:57.065#Z#DEBUG#1b6ffdb0-400e-11f1-8200-eeee0a8fbd3a.CICD-srv#flowable-async-job-executor-thread-6687#
[PollStartAppStatusExecution] 2fa6b32f-e95e-4727-8017-cc5d820aa6a2 [2026-04-24T18:49:49.910492] '/home/vcap/app/node_modules/@sap/cds/lib/index.js', (STDERR, APP/PROC/WEB)#
#2026 04 24 18:49:57.065#Z#DEBUG#1b6ffdb0-400e-11f1-8200-eeee0a8fbd3a.CICD-srv#flowable-async-job-executor-thread-6687#
[PollStartAppStatusExecution] 2fa6b32f-e95e-4727-8017-cc5d820aa6a2 [2026-04-24T18:49:49.910496] '/home/vcap/app/node_modules/@sap/cds/bin/serve.js' (STDERR, APP/PROC/WEB)#
#2026 04 24 18:49:57.065#Z#DEBUG#1b6ffdb0-400e-11f1-8200-eeee0a8fbd3a.CICD-srv#flowable-async-job-executor-thread-6687#
[PollStartAppStatusExecution] 2fa6b32f-e95e-4727-8017-cc5d820aa6a2 [2026-04-24T18:49:49.910498] ] (STDERR, APP/PROC/WEB)#
#2026 04 24 18:49:57.065#Z#DEBUG#1b6ffdb0-400e-11f1-8200-eeee0a8fbd3a.CICD-srv#flowable-async-job-executor-thread-6687#
[PollStartAppStatusExecution] 2fa6b32f-e95e-4727-8017-cc5d820aa6a2 [2026-04-24T18:49:49.910501] } (STDERR, APP/PROC/WEB)#
#2026 04 24 18:49:57.065#Z#DEBUG#1b6ffdb0-400e-11f1-8200-eeee0a8fbd3a.CICD-srv#flowable-async-job-executor-thread-6687#
[PollStartAppStatusExecution] 2fa6b32f-e95e-4727-8017-cc5d820aa6a2 [2026-04-24T18:49:49.910506] Node.js v24.13.0 (STDERR, APP/PROC/WEB)#
#2026 04 24 18:49:57.065#Z#DEBUG#1b6ffdb0-400e-11f1-8200-eeee0a8fbd3a.CICD-srv#flowable-async-job-executor-thread-6687#
[PollStartAppStatusExecution] 2fa6b32f-e95e-4727-8017-cc5d820aa6a2 [2026-04-24T18:49:49.925993] npm notice (STDERR, APP/PROC/WEB)#
#2026 04 24 18:49:57.065#Z#DEBUG#1b6ffdb0-400e-11f1-8200-eeee0a8fbd3a.CICD-srv#flowable-async-job-executor-thread-6687#
[PollStartAppStatusExecution] 2fa6b32f-e95e-4727-8017-cc5d820aa6a2 [2026-04-24T18:49:49.926015] npm notice New minor version of npm available! 11.6.2 -> 11.13.0 (STDERR, APP/PROC/WEB)#
#2026 04 24 18:49:57.065#Z#DEBUG#1b6ffdb0-400e-11f1-8200-eeee0a8fbd3a.CICD-srv#flowable-async-job-executor-thread-6687#
[PollStartAppStatusExecution] 2fa6b32f-e95e-4727-8017-cc5d820aa6a2 [2026-04-24T18:49:49.926020] npm notice Changelog: https://github.com/npm/cli/releases/tag/v11.13.0 (STDERR, APP/PROC/WEB)#
#2026 04 24 18:49:57.065#Z#DEBUG#1b6ffdb0-400e-11f1-8200-eeee0a8fbd3a.CICD-srv#flowable-async-job-executor-thread-6687#
[PollStartAppStatusExecution] 2fa6b32f-e95e-4727-8017-cc5d820aa6a2 [2026-04-24T18:49:49.926023] npm notice To update run: npm install -g npm@11.13.0 (STDERR, APP/PROC/WEB)#
#2026 04 24 18:49:57.065#Z#DEBUG#1b6ffdb0-400e-11f1-8200-eeee0a8fbd3a.CICD-srv#flowable-async-job-executor-thread-6687#
[PollStartAppStatusExecution] 2fa6b32f-e95e-4727-8017-cc5d820aa6a2 [2026-04-24T18:49:49.926025] npm notice (STDERR, APP/PROC/WEB)#
#2026 04 24 18:49:57.065#Z#DEBUG#1b6ffdb0-400e-11f1-8200-eeee0a8fbd3a.CICD-srv#flowable-async-job-executor-thread-6687#
[PollStartAppStatusExecution] 2fa6b32f-e95e-4727-8017-cc5d820aa6a2 [2026-04-24T18:49:50.016004] Exit status 1 (STDOUT, APP/PROC/WEB)#
#2026 04 24 18:49:57.065#Z#DEBUG#1b6ffdb0-400e-11f1-8200-eeee0a8fbd3a.CICD-srv#flowable-async-job-executor-thread-6687#
[PollStartAppStatusExecution] 2fa6b32f-e95e-4727-8017-cc5d820aa6a2 [2026-04-24T18:49:56.043697] Cell 77283d80-dfa7-40ba-ba4e-265aef112085 stopping instance 946637ff-f2b8-4b41-6fce-768c (STDOUT, CELL)#
#2026 04 24 18:49:57.065#Z#DEBUG#1b6ffdb0-400e-11f1-8200-eeee0a8fbd3a.CICD-srv#flowable-async-job-executor-thread-6687#
[PollStartAppStatusExecution] 2fa6b32f-e95e-4727-8017-cc5d820aa6a2 [2026-04-24T18:49:56.043739] Cell 77283d80-dfa7-40ba-ba4e-265aef112085 destroying container for instance 946637ff-f2b8-4b41-6fce-768c (STDOUT, CELL)#
#2026 04 24 18:49:57.065#Z#DEBUG#1b6ffdb0-400e-11f1-8200-eeee0a8fbd3a.CICD-srv#flowable-async-job-executor-thread-6687#
[PollStartAppStatusExecution] 2fa6b32f-e95e-4727-8017-cc5d820aa6a2 [2026-04-24T18:49:56.070398] Process has crashed with type: "web" (STDOUT, API)#
#2026 04 24 18:49:57.065#Z#DEBUG#1b6ffdb0-400e-11f1-8200-eeee0a8fbd3a.CICD-srv#flowable-async-job-executor-thread-6687#
[PollStartAppStatusExecution] 2fa6b32f-e95e-4727-8017-cc5d820aa6a2 [2026-04-24T18:49:56.083475] App instance exited with guid 2fa6b32f-e95e-4727-8017-cc5d820aa6a2 payload: {"instance"=>"946637ff-f2b8-4b41-6fce-768c", "index"=>0, "cell_id"=>"77283d80-dfa7-40ba-ba4e-265aef112085", "reason"=>"CRASHED", "exit_description"=>"APP/PROC/WEB: Exited with status 1", "crash_count"=>2, "crash_timestamp"=>1777056596023947014, "version"=>"ae96f103-54c5-4299-90ec-6632cce868d0"} (STDOUT, API)#
#2026 04 24 18:49:57.065#Z#DEBUG#1b6ffdb0-400e-11f1-8200-eeee0a8fbd3a.CICD-srv#flowable-async-job-executor-thread-6687#
[PollStartAppStatusExecution] 2fa6b32f-e95e-4727-8017-cc5d820aa6a2 [2026-04-24T18:49:56.159161] Cell 684caff8-89cd-492b-be01-b3d0835f1763 creating container for instance 88b142aa-9f8d-4cda-7faf-f145 (STDOUT, CELL)#
#2026 04 24 18:49:57.065#Z#DEBUG#1b6ffdb0-400e-11f1-8200-eeee0a8fbd3a.CICD-srv#flowable-async-job-executor-thread-6687#
[PollStartAppStatusExecution] 2fa6b32f-e95e-4727-8017-cc5d820aa6a2 [2026-04-24T18:49:56.272658] Exit status 137 (STDOUT, PROXY)#
#2026 04 24 18:50:07.156#Z#DEBUG#1b6ffdb0-400e-11f1-8200-eeee0a8fbd3a.CICD-srv#flowable-async-job-executor-thread-4996#
[PollStartAppStatusExecution] 2fa6b32f-e95e-4727-8017-cc5d820aa6a2 [2026-04-24T18:49:57.127427] Security group rules were updated (STDOUT, CELL)#
#2026 04 24 18:50:07.156#Z#DEBUG#1b6ffdb0-400e-11f1-8200-eeee0a8fbd3a.CICD-srv#flowable-async-job-executor-thread-4996#
[PollStartAppStatusExecution] 2fa6b32f-e95e-4727-8017-cc5d820aa6a2 [2026-04-24T18:49:57.227802] Cell 684caff8-89cd-492b-be01-b3d0835f1763 successfully created container for instance 88b142aa-9f8d-4cda-7faf-f145 (STDOUT, CELL)#
#2026 04 24 18:50:07.156#Z#DEBUG#1b6ffdb0-400e-11f1-8200-eeee0a8fbd3a.CICD-srv#flowable-async-job-executor-thread-4996#
[PollStartAppStatusExecution] 2fa6b32f-e95e-4727-8017-cc5d820aa6a2 [2026-04-24T18:49:57.830794] Downloading droplet... (STDOUT, CELL)#
#2026 04 24 18:50:07.156#Z#DEBUG#1b6ffdb0-400e-11f1-8200-eeee0a8fbd3a.CICD-srv#flowable-async-job-executor-thread-4996#
[PollStartAppStatusExecution] 2fa6b32f-e95e-4727-8017-cc5d820aa6a2 [2026-04-24T18:49:58.699218] Cell 77283d80-dfa7-40ba-ba4e-265aef112085 successfully destroyed container for instance 946637ff-f2b8-4b41-6fce-768c (STDOUT, CELL)#
#2026 04 24 18:50:07.156#Z#DEBUG#1b6ffdb0-400e-11f1-8200-eeee0a8fbd3a.CICD-srv#flowable-async-job-executor-thread-4996#
[PollStartAppStatusExecution] 2fa6b32f-e95e-4727-8017-cc5d820aa6a2 [2026-04-24T18:50:01.605111] Downloaded droplet (59M) (STDOUT, CELL)#
#2026 04 24 18:50:07.156#Z#DEBUG#1b6ffdb0-400e-11f1-8200-eeee0a8fbd3a.CICD-srv#flowable-async-job-executor-thread-4996#
[PollStartAppStatusExecution] 2fa6b32f-e95e-4727-8017-cc5d820aa6a2 [2026-04-24T18:50:01.605240] Starting health monitoring of container (STDOUT, CELL)#
#2026 04 24 18:50:07.156#Z#DEBUG#1b6ffdb0-400e-11f1-8200-eeee0a8fbd3a.CICD-srv#flowable-async-job-executor-thread-4996#
[PollStartAppStatusExecution] 2fa6b32f-e95e-4727-8017-cc5d820aa6a2 [2026-04-24T18:50:01.782057] Invoking pre-start scripts. (STDOUT, APP/PROC/WEB)#
#2026 04 24 18:50:07.156#Z#DEBUG#1b6ffdb0-400e-11f1-8200-eeee0a8fbd3a.CICD-srv#flowable-async-job-executor-thread-4996#
[PollStartAppStatusExecution] 2fa6b32f-e95e-4727-8017-cc5d820aa6a2 [2026-04-24T18:50:02.033543] Invoking start command. (STDOUT, APP/PROC/WEB)#
#2026 04 24 18:50:07.156#Z#DEBUG#1b6ffdb0-400e-11f1-8200-eeee0a8fbd3a.CICD-srv#flowable-async-job-executor-thread-4996#
[PollStartAppStatusExecution] 2fa6b32f-e95e-4727-8017-cc5d820aa6a2 [2026-04-24T18:50:02.521538] > CICD@1.0.0 start (STDOUT, APP/PROC/WEB)#
#2026 04 24 18:50:07.156#Z#DEBUG#1b6ffdb0-400e-11f1-8200-eeee0a8fbd3a.CICD-srv#flowable-async-job-executor-thread-4996#
[PollStartAppStatusExecution] 2fa6b32f-e95e-4727-8017-cc5d820aa6a2 [2026-04-24T18:50:02.521569] > cds-serve (STDOUT, APP/PROC/WEB)#
#2026 04 24 18:50:07.156#Z#DEBUG#1b6ffdb0-400e-11f1-8200-eeee0a8fbd3a.CICD-srv#flowable-async-job-executor-thread-4996#
[PollStartAppStatusExecution] 2fa6b32f-e95e-4727-8017-cc5d820aa6a2 [2026-04-24T18:50:02.844748] {"level":"info","logger":"cds","timestamp":"2026-04-24T18:50:02.843Z","layer":"cds","component_type":"application","container_id":"10.32.1.6","component_id":"2fa6b32f-e95e-4727-8017-cc5d820aa6a2","component_name":"CICD-srv","component_instance":0,"source_instance":0,"organization_name":"f41dc22ctrial","organization_id":"046a8282-68a1-40c1-82e5-2088a1bed5e2","space_name":"dev","space_id":"30b1e47d-b3e1-4ad0-80df-5b1673035406","msg":"loaded model from 1 file(s):\n ","type":"log"} (STDOUT, APP/PROC/WEB)#
#2026 04 24 18:50:07.156#Z#DEBUG#1b6ffdb0-400e-11f1-8200-eeee0a8fbd3a.CICD-srv#flowable-async-job-executor-thread-4996#
[PollStartAppStatusExecution] 2fa6b32f-e95e-4727-8017-cc5d820aa6a2 [2026-04-24T18:50:02.845173] srv/csn.json (STDOUT, APP/PROC/WEB)#
#2026 04 24 18:50:07.156#Z#DEBUG#1b6ffdb0-400e-11f1-8200-eeee0a8fbd3a.CICD-srv#flowable-async-job-executor-thread-4996#
[PollStartAppStatusExecution] 2fa6b32f-e95e-4727-8017-cc5d820aa6a2 [2026-04-24T18:50:03.097642] {"level":"info","logger":"cds","timestamp":"2026-04-24T18:50:03.096Z","layer":"cds","component_type":"application","container_id":"10.32.1.6","component_id":"2fa6b32f-e95e-4727-8017-cc5d820aa6a2","component_name":"CICD-srv","component_instance":0,"source_instance":0,"organization_name":"f41dc22ctrial","organization_id":"046a8282-68a1-40c1-82e5-2088a1bed5e2","space_name":"dev","space_id":"30b1e47d-b3e1-4ad0-80df-5b1673035406","msg":"connect to db > hana {\n  database_id: '0d624c87-700b-4528-98e0-8f6497c805c3',\n  host: '0d624c87-700b-4528-98e0-8f6497c805c3.hna1.prod-us10.hanacloud.ondemand.com',\n  port: '443',\n  driver: 'com.sap.db.jdbc.Driver',\n  url: 'jdbc:sap://0d624c87-700b-4528-98e0-8f6497c805c3.hna1.prod-us10.hanacloud.ondemand.com:443?encrypt=true&validateCertificate=true&currentschema=F38DEB5CC0F84DEF99F125D4701458E3',\n  schema: 'F38DEB5CC0F84DEF99F125D4701458E3',\n  certificate: '...',\n  hdi_user: 'F38DEB5CC0F84DEF99F125D4701458E3_45HCRQSQ9R0MDMLDINJOBZ5H2_DT',\n  hdi_password: '...',\n  user: 'F38DEB5CC0F84DEF99F125D4701458E3_45HCRQSQ9R0MDMLDINJOBZ5H2_RT',\n  password: '...'\n}","type":"log"} (STDOUT, APP/PROC/WEB)#
#2026 04 24 18:50:07.156#Z#DEBUG#1b6ffdb0-400e-11f1-8200-eeee0a8fbd3a.CICD-srv#flowable-async-job-executor-thread-4996#
[PollStartAppStatusExecution] 2fa6b32f-e95e-4727-8017-cc5d820aa6a2 [2026-04-24T18:50:03.133176] {"level":"info","logger":"cds","timestamp":"2026-04-24T18:50:03.132Z","layer":"cds","component_type":"application","container_id":"10.32.1.6","component_id":"2fa6b32f-e95e-4727-8017-cc5d820aa6a2","component_name":"CICD-srv","component_instance":0,"source_instance":0,"organization_name":"f41dc22ctrial","organization_id":"046a8282-68a1-40c1-82e5-2088a1bed5e2","space_name":"dev","space_id":"30b1e47d-b3e1-4ad0-80df-5b1673035406","msg":"using auth strategy { kind: 'jwt' }","type":"log"} (STDOUT, APP/PROC/WEB)#
#2026 04 24 18:50:07.156#Z#DEBUG#1b6ffdb0-400e-11f1-8200-eeee0a8fbd3a.CICD-srv#flowable-async-job-executor-thread-4996#
[PollStartAppStatusExecution] 2fa6b32f-e95e-4727-8017-cc5d820aa6a2 [2026-04-24T18:50:03.135145] node:internal/modules/cjs/loader:1421 (STDERR, APP/PROC/WEB)#
#2026 04 24 18:50:07.156#Z#DEBUG#1b6ffdb0-400e-11f1-8200-eeee0a8fbd3a.CICD-srv#flowable-async-job-executor-thread-4996#
[PollStartAppStatusExecution] 2fa6b32f-e95e-4727-8017-cc5d820aa6a2 [2026-04-24T18:50:03.135178] const err = new Error(message); (STDERR, APP/PROC/WEB)#
#2026 04 24 18:50:07.156#Z#DEBUG#1b6ffdb0-400e-11f1-8200-eeee0a8fbd3a.CICD-srv#flowable-async-job-executor-thread-4996#
[PollStartAppStatusExecution] 2fa6b32f-e95e-4727-8017-cc5d820aa6a2 [2026-04-24T18:50:03.135183] ^ (STDERR, APP/PROC/WEB)#
#2026 04 24 18:50:07.156#Z#DEBUG#1b6ffdb0-400e-11f1-8200-eeee0a8fbd3a.CICD-srv#flowable-async-job-executor-thread-4996#
[PollStartAppStatusExecution] 2fa6b32f-e95e-4727-8017-cc5d820aa6a2 [2026-04-24T18:50:03.135186] Error: Cannot find '@sap/xssec'. Make sure to install it with 'npm i @sap/xssec' (STDERR, APP/PROC/WEB)#
#2026 04 24 18:50:07.156#Z#DEBUG#1b6ffdb0-400e-11f1-8200-eeee0a8fbd3a.CICD-srv#flowable-async-job-executor-thread-4996#
[PollStartAppStatusExecution] 2fa6b32f-e95e-4727-8017-cc5d820aa6a2 [2026-04-24T18:50:03.135192] Cannot find module '@sap/xssec' (STDERR, APP/PROC/WEB)#
#2026 04 24 18:50:07.156#Z#DEBUG#1b6ffdb0-400e-11f1-8200-eeee0a8fbd3a.CICD-srv#flowable-async-job-executor-thread-4996#
[PollStartAppStatusExecution] 2fa6b32f-e95e-4727-8017-cc5d820aa6a2 [2026-04-24T18:50:03.135197] Require stack: (STDERR, APP/PROC/WEB)#
#2026 04 24 18:50:07.156#Z#DEBUG#1b6ffdb0-400e-11f1-8200-eeee0a8fbd3a.CICD-srv#flowable-async-job-executor-thread-4996#
[PollStartAppStatusExecution] 2fa6b32f-e95e-4727-8017-cc5d820aa6a2 [2026-04-24T18:50:03.135201] - /home/vcap/app/node_modules/@sap/cds/lib/srv/middlewares/auth/xssec.js (STDERR, APP/PROC/WEB)#
#2026 04 24 18:50:07.157#Z#DEBUG#1b6ffdb0-400e-11f1-8200-eeee0a8fbd3a.CICD-srv#flowable-async-job-executor-thread-4996#
[PollStartAppStatusExecution] 2fa6b32f-e95e-4727-8017-cc5d820aa6a2 [2026-04-24T18:50:03.135204] - /home/vcap/app/node_modules/@sap/cds/lib/srv/middlewares/auth/jwt-auth.js (STDERR, APP/PROC/WEB)#
#2026 04 24 18:50:07.157#Z#DEBUG#1b6ffdb0-400e-11f1-8200-eeee0a8fbd3a.CICD-srv#flowable-async-job-executor-thread-4996#
[PollStartAppStatusExecution] 2fa6b32f-e95e-4727-8017-cc5d820aa6a2 [2026-04-24T18:50:03.135206] - /home/vcap/app/node_modules/@sap/cds/lib/srv/middlewares/auth/index.js (STDERR, APP/PROC/WEB)#
#2026 04 24 18:50:07.157#Z#DEBUG#1b6ffdb0-400e-11f1-8200-eeee0a8fbd3a.CICD-srv#flowable-async-job-executor-thread-4996#
[PollStartAppStatusExecution] 2fa6b32f-e95e-4727-8017-cc5d820aa6a2 [2026-04-24T18:50:03.135209] - /home/vcap/app/node_modules/@sap/cds/lib/srv/middlewares/index.js (STDERR, APP/PROC/WEB)#
#2026 04 24 18:50:07.157#Z#DEBUG#1b6ffdb0-400e-11f1-8200-eeee0a8fbd3a.CICD-srv#flowable-async-job-executor-thread-4996#
[PollStartAppStatusExecution] 2fa6b32f-e95e-4727-8017-cc5d820aa6a2 [2026-04-24T18:50:03.135212] - /home/vcap/app/node_modules/@sap/cds/lib/index.js (STDERR, APP/PROC/WEB)#
#2026 04 24 18:50:07.157#Z#DEBUG#1b6ffdb0-400e-11f1-8200-eeee0a8fbd3a.CICD-srv#flowable-async-job-executor-thread-4996#
[PollStartAppStatusExecution] 2fa6b32f-e95e-4727-8017-cc5d820aa6a2 [2026-04-24T18:50:03.135216] - /home/vcap/app/node_modules/@sap/cds/bin/serve.js (STDERR, APP/PROC/WEB)#
#2026 04 24 18:50:07.157#Z#DEBUG#1b6ffdb0-400e-11f1-8200-eeee0a8fbd3a.CICD-srv#flowable-async-job-executor-thread-4996#
[PollStartAppStatusExecution] 2fa6b32f-e95e-4727-8017-cc5d820aa6a2 [2026-04-24T18:50:03.135222] at Module._resolveFilename (node:internal/modules/cjs/loader:1421:15) (STDERR, APP/PROC/WEB)#
#2026 04 24 18:50:07.157#Z#DEBUG#1b6ffdb0-400e-11f1-8200-eeee0a8fbd3a.CICD-srv#flowable-async-job-executor-thread-4996#
[PollStartAppStatusExecution] 2fa6b32f-e95e-4727-8017-cc5d820aa6a2 [2026-04-24T18:50:03.135225] at defaultResolveImpl (node:internal/modules/cjs/loader:1059:19) (STDERR, APP/PROC/WEB)#
#2026 04 24 18:50:07.157#Z#DEBUG#1b6ffdb0-400e-11f1-8200-eeee0a8fbd3a.CICD-srv#flowable-async-job-executor-thread-4996#
[PollStartAppStatusExecution] 2fa6b32f-e95e-4727-8017-cc5d820aa6a2 [2026-04-24T18:50:03.135228] at resolveForCJSWithHooks (node:internal/modules/cjs/loader:1064:22) (STDERR, APP/PROC/WEB)#
#2026 04 24 18:50:07.157#Z#DEBUG#1b6ffdb0-400e-11f1-8200-eeee0a8fbd3a.CICD-srv#flowable-async-job-executor-thread-4996#
[PollStartAppStatusExecution] 2fa6b32f-e95e-4727-8017-cc5d820aa6a2 [2026-04-24T18:50:03.135231] at Module._load (node:internal/modules/cjs/loader:1227:37) (STDERR, APP/PROC/WEB)#
#2026 04 24 18:50:07.157#Z#DEBUG#1b6ffdb0-400e-11f1-8200-eeee0a8fbd3a.CICD-srv#flowable-async-job-executor-thread-4996#
[PollStartAppStatusExecution] 2fa6b32f-e95e-4727-8017-cc5d820aa6a2 [2026-04-24T18:50:03.135233] at TracingChannel.traceSync (node:diagnostics_channel:328:14) (STDERR, APP/PROC/WEB)#
#2026 04 24 18:50:07.157#Z#DEBUG#1b6ffdb0-400e-11f1-8200-eeee0a8fbd3a.CICD-srv#flowable-async-job-executor-thread-4996#
[PollStartAppStatusExecution] 2fa6b32f-e95e-4727-8017-cc5d820aa6a2 [2026-04-24T18:50:03.135237] at wrapModuleLoad (node:internal/modules/cjs/loader:245:24) (STDERR, APP/PROC/WEB)#
#2026 04 24 18:50:07.157#Z#DEBUG#1b6ffdb0-400e-11f1-8200-eeee0a8fbd3a.CICD-srv#flowable-async-job-executor-thread-4996#
[PollStartAppStatusExecution] 2fa6b32f-e95e-4727-8017-cc5d820aa6a2 [2026-04-24T18:50:03.135239] at Module.require (node:internal/modules/cjs/loader:1504:12) (STDERR, APP/PROC/WEB)#
#2026 04 24 18:50:07.157#Z#DEBUG#1b6ffdb0-400e-11f1-8200-eeee0a8fbd3a.CICD-srv#flowable-async-job-executor-thread-4996#
[PollStartAppStatusExecution] 2fa6b32f-e95e-4727-8017-cc5d820aa6a2 [2026-04-24T18:50:03.135242] at require (node:internal/modules/helpers:152:16) (STDERR, APP/PROC/WEB)#
#2026 04 24 18:50:07.157#Z#DEBUG#1b6ffdb0-400e-11f1-8200-eeee0a8fbd3a.CICD-srv#flowable-async-job-executor-thread-4996#
[PollStartAppStatusExecution] 2fa6b32f-e95e-4727-8017-cc5d820aa6a2 [2026-04-24T18:50:03.135245] at Object.<anonymous> (/home/vcap/app/node_modules/@sap/cds/lib/srv/middlewares/auth/xssec.js:2:17) (STDERR, APP/PROC/WEB)#
#2026 04 24 18:50:07.157#Z#DEBUG#1b6ffdb0-400e-11f1-8200-eeee0a8fbd3a.CICD-srv#flowable-async-job-executor-thread-4996#
[PollStartAppStatusExecution] 2fa6b32f-e95e-4727-8017-cc5d820aa6a2 [2026-04-24T18:50:03.135247] at Module._compile (node:internal/modules/cjs/loader:1761:14) { (STDERR, APP/PROC/WEB)#
#2026 04 24 18:50:07.157#Z#DEBUG#1b6ffdb0-400e-11f1-8200-eeee0a8fbd3a.CICD-srv#flowable-async-job-executor-thread-4996#
[PollStartAppStatusExecution] 2fa6b32f-e95e-4727-8017-cc5d820aa6a2 [2026-04-24T18:50:03.135250] code: 'MODULE_NOT_FOUND', (STDERR, APP/PROC/WEB)#
#2026 04 24 18:50:07.157#Z#DEBUG#1b6ffdb0-400e-11f1-8200-eeee0a8fbd3a.CICD-srv#flowable-async-job-executor-thread-4996#
[PollStartAppStatusExecution] 2fa6b32f-e95e-4727-8017-cc5d820aa6a2 [2026-04-24T18:50:03.135253] requireStack: [ (STDERR, APP/PROC/WEB)#
#2026 04 24 18:50:07.157#Z#DEBUG#1b6ffdb0-400e-11f1-8200-eeee0a8fbd3a.CICD-srv#flowable-async-job-executor-thread-4996#
[PollStartAppStatusExecution] 2fa6b32f-e95e-4727-8017-cc5d820aa6a2 [2026-04-24T18:50:03.135257] '/home/vcap/app/node_modules/@sap/cds/lib/srv/middlewares/auth/xssec.js', (STDERR, APP/PROC/WEB)#
#2026 04 24 18:50:07.157#Z#DEBUG#1b6ffdb0-400e-11f1-8200-eeee0a8fbd3a.CICD-srv#flowable-async-job-executor-thread-4996#
[PollStartAppStatusExecution] 2fa6b32f-e95e-4727-8017-cc5d820aa6a2 [2026-04-24T18:50:03.135261] '/home/vcap/app/node_modules/@sap/cds/lib/srv/middlewares/auth/jwt-auth.js', (STDERR, APP/PROC/WEB)#
#2026 04 24 18:50:07.157#Z#DEBUG#1b6ffdb0-400e-11f1-8200-eeee0a8fbd3a.CICD-srv#flowable-async-job-executor-thread-4996#
[PollStartAppStatusExecution] 2fa6b32f-e95e-4727-8017-cc5d820aa6a2 [2026-04-24T18:50:03.135264] '/home/vcap/app/node_modules/@sap/cds/lib/srv/middlewares/auth/index.js', (STDERR, APP/PROC/WEB)#
#2026 04 24 18:50:07.157#Z#DEBUG#1b6ffdb0-400e-11f1-8200-eeee0a8fbd3a.CICD-srv#flowable-async-job-executor-thread-4996#
[PollStartAppStatusExecution] 2fa6b32f-e95e-4727-8017-cc5d820aa6a2 [2026-04-24T18:50:03.135266] '/home/vcap/app/node_modules/@sap/cds/lib/srv/middlewares/index.js', (STDERR, APP/PROC/WEB)#
#2026 04 24 18:50:07.157#Z#DEBUG#1b6ffdb0-400e-11f1-8200-eeee0a8fbd3a.CICD-srv#flowable-async-job-executor-thread-4996#
[PollStartAppStatusExecution] 2fa6b32f-e95e-4727-8017-cc5d820aa6a2 [2026-04-24T18:50:03.135269] '/home/vcap/app/node_modules/@sap/cds/lib/index.js', (STDERR, APP/PROC/WEB)#
#2026 04 24 18:50:07.157#Z#DEBUG#1b6ffdb0-400e-11f1-8200-eeee0a8fbd3a.CICD-srv#flowable-async-job-executor-thread-4996#
[PollStartAppStatusExecution] 2fa6b32f-e95e-4727-8017-cc5d820aa6a2 [2026-04-24T18:50:03.135274] '/home/vcap/app/node_modules/@sap/cds/bin/serve.js' (STDERR, APP/PROC/WEB)#
#2026 04 24 18:50:07.157#Z#DEBUG#1b6ffdb0-400e-11f1-8200-eeee0a8fbd3a.CICD-srv#flowable-async-job-executor-thread-4996#
[PollStartAppStatusExecution] 2fa6b32f-e95e-4727-8017-cc5d820aa6a2 [2026-04-24T18:50:03.135276] ] (STDERR, APP/PROC/WEB)#
#2026 04 24 18:50:07.157#Z#DEBUG#1b6ffdb0-400e-11f1-8200-eeee0a8fbd3a.CICD-srv#flowable-async-job-executor-thread-4996#
[PollStartAppStatusExecution] 2fa6b32f-e95e-4727-8017-cc5d820aa6a2 [2026-04-24T18:50:03.135279] } (STDERR, APP/PROC/WEB)#
#2026 04 24 18:50:07.157#Z#DEBUG#1b6ffdb0-400e-11f1-8200-eeee0a8fbd3a.CICD-srv#flowable-async-job-executor-thread-4996#
[PollStartAppStatusExecution] 2fa6b32f-e95e-4727-8017-cc5d820aa6a2 [2026-04-24T18:50:03.135346] Node.js v24.13.0 (STDERR, APP/PROC/WEB)#
#2026 04 24 18:50:07.157#Z#DEBUG#1b6ffdb0-400e-11f1-8200-eeee0a8fbd3a.CICD-srv#flowable-async-job-executor-thread-4996#
[PollStartAppStatusExecution] 2fa6b32f-e95e-4727-8017-cc5d820aa6a2 [2026-04-24T18:50:03.151408] npm notice (STDERR, APP/PROC/WEB)#
#2026 04 24 18:50:07.157#Z#DEBUG#1b6ffdb0-400e-11f1-8200-eeee0a8fbd3a.CICD-srv#flowable-async-job-executor-thread-4996#
[PollStartAppStatusExecution] 2fa6b32f-e95e-4727-8017-cc5d820aa6a2 [2026-04-24T18:50:03.151439] npm notice New minor version of npm available! 11.6.2 -> 11.13.0 (STDERR, APP/PROC/WEB)#
#2026 04 24 18:50:07.157#Z#DEBUG#1b6ffdb0-400e-11f1-8200-eeee0a8fbd3a.CICD-srv#flowable-async-job-executor-thread-4996#
[PollStartAppStatusExecution] 2fa6b32f-e95e-4727-8017-cc5d820aa6a2 [2026-04-24T18:50:03.151449] npm notice Changelog: https://github.com/npm/cli/releases/tag/v11.13.0 (STDERR, APP/PROC/WEB)#
#2026 04 24 18:50:07.157#Z#DEBUG#1b6ffdb0-400e-11f1-8200-eeee0a8fbd3a.CICD-srv#flowable-async-job-executor-thread-4996#
[PollStartAppStatusExecution] 2fa6b32f-e95e-4727-8017-cc5d820aa6a2 [2026-04-24T18:50:03.151455] npm notice To update run: npm install -g npm@11.13.0 (STDERR, APP/PROC/WEB)#
#2026 04 24 18:50:07.157#Z#DEBUG#1b6ffdb0-400e-11f1-8200-eeee0a8fbd3a.CICD-srv#flowable-async-job-executor-thread-4996#
[PollStartAppStatusExecution] 2fa6b32f-e95e-4727-8017-cc5d820aa6a2 [2026-04-24T18:50:03.151460] npm notice (STDERR, APP/PROC/WEB)#
#2026 04 24 18:50:07.157#Z#DEBUG#1b6ffdb0-400e-11f1-8200-eeee0a8fbd3a.CICD-srv#flowable-async-job-executor-thread-4996#
[PollStartAppStatusExecution] 2fa6b32f-e95e-4727-8017-cc5d820aa6a2 [2026-04-24T18:50:03.237881] Exit status 1 (STDOUT, APP/PROC/WEB)#
#2026 04 24 18:50:17.148#Z#DEBUG#1b6ffdb0-400e-11f1-8200-eeee0a8fbd3a.CICD-srv#flowable-async-job-executor-thread-4472#
[PollStartAppStatusExecution] 2fa6b32f-e95e-4727-8017-cc5d820aa6a2 [2026-04-24T18:50:09.613346] Cell 684caff8-89cd-492b-be01-b3d0835f1763 stopping instance 88b142aa-9f8d-4cda-7faf-f145 (STDOUT, CELL)#
#2026 04 24 18:50:17.148#Z#DEBUG#1b6ffdb0-400e-11f1-8200-eeee0a8fbd3a.CICD-srv#flowable-async-job-executor-thread-4472#
[PollStartAppStatusExecution] 2fa6b32f-e95e-4727-8017-cc5d820aa6a2 [2026-04-24T18:50:09.613385] Cell 684caff8-89cd-492b-be01-b3d0835f1763 destroying container for instance 88b142aa-9f8d-4cda-7faf-f145 (STDOUT, CELL)#
#2026 04 24 18:50:17.148#Z#DEBUG#1b6ffdb0-400e-11f1-8200-eeee0a8fbd3a.CICD-srv#flowable-async-job-executor-thread-4472#
[PollStartAppStatusExecution] 2fa6b32f-e95e-4727-8017-cc5d820aa6a2 [2026-04-24T18:50:09.631802] Process has crashed with type: "web" (STDOUT, API)#
#2026 04 24 18:50:17.148#Z#DEBUG#1b6ffdb0-400e-11f1-8200-eeee0a8fbd3a.CICD-srv#flowable-async-job-executor-thread-4472#
[PollStartAppStatusExecution] 2fa6b32f-e95e-4727-8017-cc5d820aa6a2 [2026-04-24T18:50:09.645808] App instance exited with guid 2fa6b32f-e95e-4727-8017-cc5d820aa6a2 payload: {"instance"=>"88b142aa-9f8d-4cda-7faf-f145", "index"=>0, "cell_id"=>"684caff8-89cd-492b-be01-b3d0835f1763", "reason"=>"CRASHED", "exit_description"=>"APP/PROC/WEB: Exited with status 1", "crash_count"=>3, "crash_timestamp"=>1777056609609720630, "version"=>"ae96f103-54c5-4299-90ec-6632cce868d0"} (STDOUT, API)#
#2026 04 24 18:50:17.148#Z#DEBUG#1b6ffdb0-400e-11f1-8200-eeee0a8fbd3a.CICD-srv#flowable-async-job-executor-thread-4472#
[PollStartAppStatusExecution] 2fa6b32f-e95e-4727-8017-cc5d820aa6a2 [2026-04-24T18:50:09.800362] Exit status 137 (STDOUT, PROXY)#
#2026 04 24 18:50:17.148#Z#DEBUG#1b6ffdb0-400e-11f1-8200-eeee0a8fbd3a.CICD-srv#flowable-async-job-executor-thread-4472#
[PollStartAppStatusExecution] 2fa6b32f-e95e-4727-8017-cc5d820aa6a2 [2026-04-24T18:50:12.059667] Cell 684caff8-89cd-492b-be01-b3d0835f1763 successfully destroyed container for instance 88b142aa-9f8d-4cda-7faf-f145 (STDOUT, CELL)#
